# JRE version: OpenJDK Runtime Environment (8.0_482-b08) (build 1.8.0_482-b08)
# Java VM: OpenJDK 64-Bit Server VM (25.482-b08 mixed mode windows-amd64 compressed oops)
Heap:
 PSYoungGen      total 343552K, used 34163K [0x00000000d5580000, 0x00000000f1f80000, 0x0000000100000000)
  eden space 321024K, 9% used [0x00000000d5580000,0x00000000d7368910,0x00000000e8f00000)
  from space 22528K, 15% used [0x00000000e8f00000,0x00000000e92744e8,0x00000000ea500000)
  to   space 22528K, 0% used [0x00000000f0980000,0x00000000f0980000,0x00000000f1f80000)
 ParOldGen       total 105472K, used 65572K [0x0000000080000000, 0x0000000086700000, 0x00000000d5580000)
  object space 105472K, 62% used [0x0000000080000000,0x00000000840092e8,0x0000000086700000)
 Metaspace       used 85368K, capacity 90264K, committed 90496K, reserved 1126400K
  class space    used 11734K, capacity 12606K, committed 12672K, reserved 1048576K
GC Heap History (10 events):
Event: 1025.306 GC heap before
{Heap before GC invocations=18 (full 3):
 PSYoungGen      total 199680K, used 198956K [0x00000000d5580000, 0x00000000e5b00000, 0x0000000100000000)
  eden space 178688K, 100% used [0x00000000d5580000,0x00000000e0400000,0x00000000e0400000)
  from space 20992K, 96% used [0x00000000e1b80000,0x00000000e2f4b268,0x00000000e3000000)
  to   space 24064K, 0% used [0x00000000e0400000,0x00000000e0400000,0x00000000e1b80000)
 ParOldGen       total 105472K, used 30370K [0x0000000080000000, 0x0000000086700000, 0x00000000d5580000)
  object space 105472K, 28% used [0x0000000080000000,0x0000000081da8b58,0x0000000086700000)
 Metaspace       used 75171K, capacity 78678K, committed 78976K, reserved 1118208K
  class space    used 10313K, capacity 11018K, committed 11136K, reserved 1048576K
Event: 1025.319 GC heap after
Heap after GC invocations=18 (full 3):
 PSYoungGen      total 202752K, used 11068K [0x00000000d5580000, 0x00000000e6f00000, 0x0000000100000000)
  eden space 178688K, 0% used [0x00000000d5580000,0x00000000d5580000,0x00000000e0400000)
  from space 24064K, 45% used [0x00000000e0400000,0x00000000e0ecf158,0x00000000e1b80000)
  to   space 23040K, 0% used [0x00000000e5880000,0x00000000e5880000,0x00000000e6f00000)
 ParOldGen       total 105472K, used 41123K [0x0000000080000000, 0x0000000086700000, 0x00000000d5580000)
  object space 105472K, 38% used [0x0000000080000000,0x0000000082828de0,0x0000000086700000)
 Metaspace       used 75171K, capacity 78678K, committed 78976K, reserved 1118208K
  class space    used 10313K, capacity 11018K, committed 11136K, reserved 1048576K
}
Event: 1027.498 GC heap before
{Heap before GC invocations=19 (full 3):
 PSYoungGen      total 202752K, used 189756K [0x00000000d5580000, 0x00000000e6f00000, 0x0000000100000000)
  eden space 178688K, 100% used [0x00000000d5580000,0x00000000e0400000,0x00000000e0400000)
  from space 24064K, 45% used [0x00000000e0400000,0x00000000e0ecf158,0x00000000e1b80000)
  to   space 23040K, 0% used [0x00000000e5880000,0x00000000e5880000,0x00000000e6f00000)
 ParOldGen       total 105472K, used 41123K [0x0000000080000000, 0x0000000086700000, 0x00000000d5580000)
  object space 105472K, 38% used [0x0000000080000000,0x0000000082828de0,0x0000000086700000)
 Metaspace       used 83741K, capacity 88580K, committed 88832K, reserved 1126400K
  class space    used 11594K, capacity 12482K, committed 12544K, reserved 1048576K
Event: 1027.610 GC heap after
Heap after GC invocations=19 (full 3):
 PSYoungGen      total 264192K, used 15724K [0x00000000d5580000, 0x00000000e7b00000, 0x0000000100000000)
  eden space 241152K, 0% used [0x00000000d5580000,0x00000000d5580000,0x00000000e4100000)
  from space 23040K, 68% used [0x00000000e5880000,0x00000000e67db018,0x00000000e6f00000)
  to   space 24064K, 0% used [0x00000000e4100000,0x00000000e4100000,0x00000000e5880000)
 ParOldGen       total 105472K, used 48028K [0x0000000080000000, 0x0000000086700000, 0x00000000d5580000)
  object space 105472K, 45% used [0x0000000080000000,0x0000000082ee7180,0x0000000086700000)
 Metaspace       used 83741K, capacity 88580K, committed 88832K, reserved 1126400K
  class space    used 11594K, capacity 12482K, committed 12544K, reserved 1048576K
}
Event: 1028.409 GC heap before
{Heap before GC invocations=20 (full 3):
 PSYoungGen      total 264192K, used 256876K [0x00000000d5580000, 0x00000000e7b00000, 0x0000000100000000)
  eden space 241152K, 100% used [0x00000000d5580000,0x00000000e4100000,0x00000000e4100000)
  from space 23040K, 68% used [0x00000000e5880000,0x00000000e67db018,0x00000000e6f00000)
  to   space 24064K, 0% used [0x00000000e4100000,0x00000000e4100000,0x00000000e5880000)
 ParOldGen       total 105472K, used 48028K [0x0000000080000000, 0x0000000086700000, 0x00000000d5580000)
  object space 105472K, 45% used [0x0000000080000000,0x0000000082ee7180,0x0000000086700000)
 Metaspace       used 84480K, capacity 89332K, committed 89472K, reserved 1126400K
  class space    used 11663K, capacity 12556K, committed 12672K, reserved 1048576K
Event: 1028.532 GC heap after
Heap after GC invocations=20 (full 3):
 PSYoungGen      total 265216K, used 9492K [0x00000000d5580000, 0x00000000ebb80000, 0x0000000100000000)
  eden space 241152K, 0% used [0x00000000d5580000,0x00000000d5580000,0x00000000e4100000)
  from space 24064K, 39% used [0x00000000e4100000,0x00000000e4a45328,0x00000000e5880000)
  to   space 23040K, 0% used [0x00000000ea500000,0x00000000ea500000,0x00000000ebb80000)
 ParOldGen       total 105472K, used 57087K [0x0000000080000000, 0x0000000086700000, 0x00000000d5580000)
  object space 105472K, 54% used [0x0000000080000000,0x00000000837bfe58,0x0000000086700000)
 Metaspace       used 84480K, capacity 89332K, committed 89472K, reserved 1126400K
  class space    used 11663K, capacity 12556K, committed 12672K, reserved 1048576K
}
Event: 1028.828 GC heap before
{Heap before GC invocations=21 (full 3):
 PSYoungGen      total 265216K, used 250644K [0x00000000d5580000, 0x00000000ebb80000, 0x0000000100000000)
  eden space 241152K, 100% used [0x00000000d5580000,0x00000000e4100000,0x00000000e4100000)
  from space 24064K, 39% used [0x00000000e4100000,0x00000000e4a45328,0x00000000e5880000)
  to   space 23040K, 0% used [0x00000000ea500000,0x00000000ea500000,0x00000000ebb80000)
 ParOldGen       total 105472K, used 57087K [0x0000000080000000, 0x0000000086700000, 0x00000000d5580000)
  object space 105472K, 54% used [0x0000000080000000,0x00000000837bfe58,0x0000000086700000)
 Metaspace       used 84579K, capacity 89396K, committed 89728K, reserved 1126400K
  class space    used 11668K, capacity 12556K, committed 12672K, reserved 1048576K
Event: 1028.853 GC heap after
Heap after GC invocations=21 (full 3):
 PSYoungGen      total 344064K, used 5969K [0x00000000d5580000, 0x00000000ebc80000, 0x0000000100000000)
  eden space 321024K, 0% used [0x00000000d5580000,0x00000000d5580000,0x00000000e8f00000)
  from space 23040K, 25% used [0x00000000ea500000,0x00000000eaad4720,0x00000000ebb80000)
  to   space 22528K, 0% used [0x00000000e8f00000,0x00000000e8f00000,0x00000000ea500000)
 ParOldGen       total 105472K, used 59691K [0x0000000080000000, 0x0000000086700000, 0x00000000d5580000)
  object space 105472K, 56% used [0x0000000080000000,0x0000000083a4ae48,0x0000000086700000)
 Metaspace       used 84579K, capacity 89396K, committed 89728K, reserved 1126400K
  class space    used 11668K, capacity 12556K, committed 12672K, reserved 1048576K
}
Event: 1030.370 GC heap before
{Heap before GC invocations=22 (full 3):
 PSYoungGen      total 344064K, used 326993K [0x00000000d5580000, 0x00000000ebc80000, 0x0000000100000000)
  eden space 321024K, 100% used [0x00000000d5580000,0x00000000e8f00000,0x00000000e8f00000)
  from space 23040K, 25% used [0x00000000ea500000,0x00000000eaad4720,0x00000000ebb80000)
  to   space 22528K, 0% used [0x00000000e8f00000,0x00000000e8f00000,0x00000000ea500000)
 ParOldGen       total 105472K, used 59691K [0x0000000080000000, 0x0000000086700000, 0x00000000d5580000)
  object space 105472K, 56% used [0x0000000080000000,0x0000000083a4ae48,0x0000000086700000)
 Metaspace       used 85160K, capacity 90072K, committed 90240K, reserved 1126400K
  class space    used 11720K, capacity 12606K, committed 12672K, reserved 1048576K
Event: 1030.378 GC heap after
Heap after GC invocations=22 (full 3):
 PSYoungGen      total 343552K, used 3537K [0x00000000d5580000, 0x00000000f1f80000, 0x0000000100000000)
  eden space 321024K, 0% used [0x00000000d5580000,0x00000000d5580000,0x00000000e8f00000)
  from space 22528K, 15% used [0x00000000e8f00000,0x00000000e92744e8,0x00000000ea500000)
  to   space 22528K, 0% used [0x00000000f0980000,0x00000000f0980000,0x00000000f1f80000)
 ParOldGen       total 105472K, used 65572K [0x0000000080000000, 0x0000000086700000, 0x00000000d5580000)
  object space 105472K, 62% used [0x0000000080000000,0x00000000840092e8,0x0000000086700000)
 Metaspace       used 85160K, capacity 90072K, committed 90240K, reserved 1126400K
  class space    used 11720K, capacity 12606K, committed 12672K, reserved 1048576K
}

