# JRE version: OpenJDK Runtime Environment (8.0_482-b08) (build 1.8.0_482-b08)
# Java VM: OpenJDK 64-Bit Server VM (25.482-b08 mixed mode windows-amd64 compressed oops)
Heap:
 PSYoungGen      total 160768K, used 123814K [0x00000000d5580000, 0x00000000e2300000, 0x0000000100000000)
  eden space 147456K, 75% used [0x00000000d5580000,0x00000000dc25ce28,0x00000000de580000)
  from space 13312K, 92% used [0x00000000de580000,0x00000000df18cb90,0x00000000df280000)
  to   space 14848K, 0% used [0x00000000e1480000,0x00000000e1480000,0x00000000e2300000)
 ParOldGen       total 77824K, used 15846K [0x0000000080000000, 0x0000000084c00000, 0x00000000d5580000)
  object space 77824K, 20% used [0x0000000080000000,0x0000000080f79800,0x0000000084c00000)
 Metaspace       used 52139K, capacity 54302K, committed 54528K, reserved 1095680K
  class space    used 7135K, capacity 7559K, committed 7680K, reserved 1048576K
GC Heap History (10 events):
Event: 1.781 GC heap before
{Heap before GC invocations=7 (full 1):
 PSYoungGen      total 105984K, used 9030K [0x00000000d5580000, 0x00000000dca80000, 0x0000000100000000)
  eden space 96768K, 0% used [0x00000000d5580000,0x00000000d5580000,0x00000000db400000)
  from space 9216K, 97% used [0x00000000dbe80000,0x00000000dc751b48,0x00000000dc780000)
  to   space 10752K, 0% used [0x00000000db400000,0x00000000db400000,0x00000000dbe80000)
 ParOldGen       total 65536K, used 6824K [0x0000000080000000, 0x0000000084000000, 0x00000000d5580000)
  object space 65536K, 10% used [0x0000000080000000,0x00000000806aa148,0x0000000084000000)
 Metaspace       used 20538K, capacity 21204K, committed 21296K, reserved 1067008K
  class space    used 2927K, capacity 3112K, committed 3200K, reserved 1048576K
Event: 1.801 GC heap after
Heap after GC invocations=7 (full 1):
 PSYoungGen      total 105984K, used 0K [0x00000000d5580000, 0x00000000dca80000, 0x0000000100000000)
  eden space 96768K, 0% used [0x00000000d5580000,0x00000000d5580000,0x00000000db400000)
  from space 9216K, 0% used [0x00000000dbe80000,0x00000000dbe80000,0x00000000dc780000)
  to   space 10752K, 0% used [0x00000000db400000,0x00000000db400000,0x00000000dbe80000)
 ParOldGen       total 50176K, used 9859K [0x0000000080000000, 0x0000000083100000, 0x00000000d5580000)
  object space 50176K, 19% used [0x0000000080000000,0x00000000809a0ca8,0x0000000083100000)
 Metaspace       used 20538K, capacity 21204K, committed 21296K, reserved 1067008K
  class space    used 2927K, capacity 3112K, committed 3200K, reserved 1048576K
}
Event: 2.519 GC heap before
{Heap before GC invocations=8 (full 1):
 PSYoungGen      total 105984K, used 96768K [0x00000000d5580000, 0x00000000dca80000, 0x0000000100000000)
  eden space 96768K, 100% used [0x00000000d5580000,0x00000000db400000,0x00000000db400000)
  from space 9216K, 0% used [0x00000000dbe80000,0x00000000dbe80000,0x00000000dc780000)
  to   space 10752K, 0% used [0x00000000db400000,0x00000000db400000,0x00000000dbe80000)
 ParOldGen       total 50176K, used 9859K [0x0000000080000000, 0x0000000083100000, 0x00000000d5580000)
  object space 50176K, 19% used [0x0000000080000000,0x00000000809a0ca8,0x0000000083100000)
 Metaspace       used 31157K, capacity 32110K, committed 32256K, reserved 1077248K
  class space    used 4307K, capacity 4532K, committed 4608K, reserved 1048576K
Event: 2.527 GC heap after
Heap after GC invocations=8 (full 1):
 PSYoungGen      total 107520K, used 10743K [0x00000000d5580000, 0x00000000dff00000, 0x0000000100000000)
  eden space 96768K, 0% used [0x00000000d5580000,0x00000000d5580000,0x00000000db400000)
  from space 10752K, 99% used [0x00000000db400000,0x00000000dbe7df90,0x00000000dbe80000)
  to   space 12800K, 0% used [0x00000000df280000,0x00000000df280000,0x00000000dff00000)
 ParOldGen       total 50176K, used 10364K [0x0000000080000000, 0x0000000083100000, 0x00000000d5580000)
  object space 50176K, 20% used [0x0000000080000000,0x0000000080a1f398,0x0000000083100000)
 Metaspace       used 31157K, capacity 32110K, committed 32256K, reserved 1077248K
  class space    used 4307K, capacity 4532K, committed 4608K, reserved 1048576K
}
Event: 2.891 GC heap before
{Heap before GC invocations=9 (full 1):
 PSYoungGen      total 107520K, used 74090K [0x00000000d5580000, 0x00000000dff00000, 0x0000000100000000)
  eden space 96768K, 65% used [0x00000000d5580000,0x00000000d935c940,0x00000000db400000)
  from space 10752K, 99% used [0x00000000db400000,0x00000000dbe7df90,0x00000000dbe80000)
  to   space 12800K, 0% used [0x00000000df280000,0x00000000df280000,0x00000000dff00000)
 ParOldGen       total 50176K, used 10364K [0x0000000080000000, 0x0000000083100000, 0x00000000d5580000)
  object space 50176K, 20% used [0x0000000080000000,0x0000000080a1f398,0x0000000083100000)
 Metaspace       used 34265K, capacity 35456K, committed 35496K, reserved 1079296K
  class space    used 4815K, capacity 5101K, committed 5120K, reserved 1048576K
Event: 2.899 GC heap after
Heap after GC invocations=9 (full 1):
 PSYoungGen      total 160256K, used 9494K [0x00000000d5580000, 0x00000000e0480000, 0x0000000100000000)
  eden space 147456K, 0% used [0x00000000d5580000,0x00000000d5580000,0x00000000de580000)
  from space 12800K, 74% used [0x00000000df280000,0x00000000dfbc5b80,0x00000000dff00000)
  to   space 13312K, 0% used [0x00000000de580000,0x00000000de580000,0x00000000df280000)
 ParOldGen       total 50176K, used 10372K [0x0000000080000000, 0x0000000083100000, 0x00000000d5580000)
  object space 50176K, 20% used [0x0000000080000000,0x0000000080a21398,0x0000000083100000)
 Metaspace       used 34265K, capacity 35456K, committed 35496K, reserved 1079296K
  class space    used 4815K, capacity 5101K, committed 5120K, reserved 1048576K
}
Event: 2.899 GC heap before
{Heap before GC invocations=10 (full 2):
 PSYoungGen      total 160256K, used 9494K [0x00000000d5580000, 0x00000000e0480000, 0x0000000100000000)
  eden space 147456K, 0% used [0x00000000d5580000,0x00000000d5580000,0x00000000de580000)
  from space 12800K, 74% used [0x00000000df280000,0x00000000dfbc5b80,0x00000000dff00000)
  to   space 13312K, 0% used [0x00000000de580000,0x00000000de580000,0x00000000df280000)
 ParOldGen       total 50176K, used 10372K [0x0000000080000000, 0x0000000083100000, 0x00000000d5580000)
  object space 50176K, 20% used [0x0000000080000000,0x0000000080a21398,0x0000000083100000)
 Metaspace       used 34265K, capacity 35456K, committed 35496K, reserved 1079296K
  class space    used 4815K, capacity 5101K, committed 5120K, reserved 1048576K
Event: 2.937 GC heap after
Heap after GC invocations=10 (full 2):
 PSYoungGen      total 160256K, used 0K [0x00000000d5580000, 0x00000000e0480000, 0x0000000100000000)
  eden space 147456K, 0% used [0x00000000d5580000,0x00000000d5580000,0x00000000de580000)
  from space 12800K, 0% used [0x00000000df280000,0x00000000df280000,0x00000000dff00000)
  to   space 13312K, 0% used [0x00000000de580000,0x00000000de580000,0x00000000df280000)
 ParOldGen       total 77824K, used 15838K [0x0000000080000000, 0x0000000084c00000, 0x00000000d5580000)
  object space 77824K, 20% used [0x0000000080000000,0x0000000080f77800,0x0000000084c00000)
 Metaspace       used 34265K, capacity 35456K, committed 35496K, reserved 1079296K
  class space    used 4815K, capacity 5101K, committed 5120K, reserved 1048576K
}
Event: 3.788 GC heap before
{Heap before GC invocations=11 (full 2):
 PSYoungGen      total 160256K, used 147456K [0x00000000d5580000, 0x00000000e0480000, 0x0000000100000000)
  eden space 147456K, 100% used [0x00000000d5580000,0x00000000de580000,0x00000000de580000)
  from space 12800K, 0% used [0x00000000df280000,0x00000000df280000,0x00000000dff00000)
  to   space 13312K, 0% used [0x00000000de580000,0x00000000de580000,0x00000000df280000)
 ParOldGen       total 77824K, used 15838K [0x0000000080000000, 0x0000000084c00000, 0x00000000d5580000)
  object space 77824K, 20% used [0x0000000080000000,0x0000000080f77800,0x0000000084c00000)
 Metaspace       used 42735K, capacity 44612K, committed 44800K, reserved 1087488K
  class space    used 5979K, capacity 6356K, committed 6400K, reserved 1048576K
Event: 3.796 GC heap after
Heap after GC invocations=11 (full 2):
 PSYoungGen      total 160768K, used 12338K [0x00000000d5580000, 0x00000000e2300000, 0x0000000100000000)
  eden space 147456K, 0% used [0x00000000d5580000,0x00000000d5580000,0x00000000de580000)
  from space 13312K, 92% used [0x00000000de580000,0x00000000df18cb90,0x00000000df280000)
  to   space 14848K, 0% used [0x00000000e1480000,0x00000000e1480000,0x00000000e2300000)
 ParOldGen       total 77824K, used 15846K [0x0000000080000000, 0x0000000084c00000, 0x00000000d5580000)
  object space 77824K, 20% used [0x0000000080000000,0x0000000080f79800,0x0000000084c00000)
 Metaspace       used 42735K, capacity 44612K, committed 44800K, reserved 1087488K
  class space    used 5979K, capacity 6356K, committed 6400K, reserved 1048576K
}

