# JRE version: OpenJDK Runtime Environment (8.0_482-b08) (build 1.8.0_482-b08)
# Java VM: OpenJDK 64-Bit Server VM (25.482-b08 mixed mode windows-amd64 compressed oops)
Heap:
 PSYoungGen      total 160768K, used 125961K [0x00000000d5580000, 0x00000000e2400000, 0x0000000100000000)
  eden space 147456K, 77% used [0x00000000d5580000,0x00000000dc472bf8,0x00000000de580000)
  from space 13312K, 92% used [0x00000000de580000,0x00000000df18f990,0x00000000df280000)
  to   space 14848K, 0% used [0x00000000e1580000,0x00000000e1580000,0x00000000e2400000)
 ParOldGen       total 77824K, used 15825K [0x0000000080000000, 0x0000000084c00000, 0x00000000d5580000)
  object space 77824K, 20% used [0x0000000080000000,0x0000000080f74690,0x0000000084c00000)
 Metaspace       used 52493K, capacity 54652K, committed 54784K, reserved 1095680K
  class space    used 7176K, capacity 7592K, committed 7680K, reserved 1048576K
GC Heap History (10 events):
Event: 1.786 GC heap before
{Heap before GC invocations=7 (full 1):
 PSYoungGen      total 105984K, used 9070K [0x00000000d5580000, 0x00000000dca80000, 0x0000000100000000)
  eden space 96768K, 0% used [0x00000000d5580000,0x00000000d5580000,0x00000000db400000)
  from space 9216K, 98% used [0x00000000dbe80000,0x00000000dc75bb40,0x00000000dc780000)
  to   space 10752K, 0% used [0x00000000db400000,0x00000000db400000,0x00000000dbe80000)
 ParOldGen       total 65536K, used 6773K [0x0000000080000000, 0x0000000084000000, 0x00000000d5580000)
  object space 65536K, 10% used [0x0000000080000000,0x000000008069d728,0x0000000084000000)
 Metaspace       used 20534K, capacity 21204K, committed 21296K, reserved 1067008K
  class space    used 2925K, capacity 3112K, committed 3200K, reserved 1048576K
Event: 1.807 GC heap after
Heap after GC invocations=7 (full 1):
 PSYoungGen      total 105984K, used 0K [0x00000000d5580000, 0x00000000dca80000, 0x0000000100000000)
  eden space 96768K, 0% used [0x00000000d5580000,0x00000000d5580000,0x00000000db400000)
  from space 9216K, 0% used [0x00000000dbe80000,0x00000000dbe80000,0x00000000dc780000)
  to   space 10752K, 0% used [0x00000000db400000,0x00000000db400000,0x00000000dbe80000)
 ParOldGen       total 50688K, used 9859K [0x0000000080000000, 0x0000000083180000, 0x00000000d5580000)
  object space 50688K, 19% used [0x0000000080000000,0x00000000809a0d50,0x0000000083180000)
 Metaspace       used 20534K, capacity 21204K, committed 21296K, reserved 1067008K
  class space    used 2925K, capacity 3112K, committed 3200K, reserved 1048576K
}
Event: 2.535 GC heap before
{Heap before GC invocations=8 (full 1):
 PSYoungGen      total 105984K, used 96768K [0x00000000d5580000, 0x00000000dca80000, 0x0000000100000000)
  eden space 96768K, 100% used [0x00000000d5580000,0x00000000db400000,0x00000000db400000)
  from space 9216K, 0% used [0x00000000dbe80000,0x00000000dbe80000,0x00000000dc780000)
  to   space 10752K, 0% used [0x00000000db400000,0x00000000db400000,0x00000000dbe80000)
 ParOldGen       total 50688K, used 9859K [0x0000000080000000, 0x0000000083180000, 0x00000000d5580000)
  object space 50688K, 19% used [0x0000000080000000,0x00000000809a0d50,0x0000000083180000)
 Metaspace       used 31147K, capacity 32110K, committed 32256K, reserved 1077248K
  class space    used 4305K, capacity 4532K, committed 4608K, reserved 1048576K
Event: 2.543 GC heap after
Heap after GC invocations=8 (full 1):
 PSYoungGen      total 107520K, used 10741K [0x00000000d5580000, 0x00000000dff00000, 0x0000000100000000)
  eden space 96768K, 0% used [0x00000000d5580000,0x00000000d5580000,0x00000000db400000)
  from space 10752K, 99% used [0x00000000db400000,0x00000000dbe7d5d8,0x00000000dbe80000)
  to   space 12800K, 0% used [0x00000000df280000,0x00000000df280000,0x00000000dff00000)
 ParOldGen       total 50688K, used 10286K [0x0000000080000000, 0x0000000083180000, 0x00000000d5580000)
  object space 50688K, 20% used [0x0000000080000000,0x0000000080a0bb30,0x0000000083180000)
 Metaspace       used 31147K, capacity 32110K, committed 32256K, reserved 1077248K
  class space    used 4305K, capacity 4532K, committed 4608K, reserved 1048576K
}
Event: 2.899 GC heap before
{Heap before GC invocations=9 (full 1):
 PSYoungGen      total 107520K, used 72260K [0x00000000d5580000, 0x00000000dff00000, 0x0000000100000000)
  eden space 96768K, 63% used [0x00000000d5580000,0x00000000d9193c18,0x00000000db400000)
  from space 10752K, 99% used [0x00000000db400000,0x00000000dbe7d5d8,0x00000000dbe80000)
  to   space 12800K, 0% used [0x00000000df280000,0x00000000df280000,0x00000000dff00000)
 ParOldGen       total 50688K, used 10286K [0x0000000080000000, 0x0000000083180000, 0x00000000d5580000)
  object space 50688K, 20% used [0x0000000080000000,0x0000000080a0bb30,0x0000000083180000)
 Metaspace       used 34224K, capacity 35424K, committed 35496K, reserved 1079296K
  class space    used 4798K, capacity 5069K, committed 5120K, reserved 1048576K
Event: 2.905 GC heap after
Heap after GC invocations=9 (full 1):
 PSYoungGen      total 160256K, used 9457K [0x00000000d5580000, 0x00000000e0200000, 0x0000000100000000)
  eden space 147456K, 0% used [0x00000000d5580000,0x00000000d5580000,0x00000000de580000)
  from space 12800K, 73% used [0x00000000df280000,0x00000000dfbbc5e8,0x00000000dff00000)
  to   space 13312K, 0% used [0x00000000de580000,0x00000000de580000,0x00000000df280000)
 ParOldGen       total 50688K, used 10294K [0x0000000080000000, 0x0000000083180000, 0x00000000d5580000)
  object space 50688K, 20% used [0x0000000080000000,0x0000000080a0db30,0x0000000083180000)
 Metaspace       used 34224K, capacity 35424K, committed 35496K, reserved 1079296K
  class space    used 4798K, capacity 5069K, committed 5120K, reserved 1048576K
}
Event: 2.905 GC heap before
{Heap before GC invocations=10 (full 2):
 PSYoungGen      total 160256K, used 9457K [0x00000000d5580000, 0x00000000e0200000, 0x0000000100000000)
  eden space 147456K, 0% used [0x00000000d5580000,0x00000000d5580000,0x00000000de580000)
  from space 12800K, 73% used [0x00000000df280000,0x00000000dfbbc5e8,0x00000000dff00000)
  to   space 13312K, 0% used [0x00000000de580000,0x00000000de580000,0x00000000df280000)
 ParOldGen       total 50688K, used 10294K [0x0000000080000000, 0x0000000083180000, 0x00000000d5580000)
  object space 50688K, 20% used [0x0000000080000000,0x0000000080a0db30,0x0000000083180000)
 Metaspace       used 34224K, capacity 35424K, committed 35496K, reserved 1079296K
  class space    used 4798K, capacity 5069K, committed 5120K, reserved 1048576K
Event: 2.938 GC heap after
Heap after GC invocations=10 (full 2):
 PSYoungGen      total 160256K, used 0K [0x00000000d5580000, 0x00000000e0200000, 0x0000000100000000)
  eden space 147456K, 0% used [0x00000000d5580000,0x00000000d5580000,0x00000000de580000)
  from space 12800K, 0% used [0x00000000df280000,0x00000000df280000,0x00000000dff00000)
  to   space 13312K, 0% used [0x00000000de580000,0x00000000de580000,0x00000000df280000)
 ParOldGen       total 77824K, used 15817K [0x0000000080000000, 0x0000000084c00000, 0x00000000d5580000)
  object space 77824K, 20% used [0x0000000080000000,0x0000000080f72690,0x0000000084c00000)
 Metaspace       used 34224K, capacity 35424K, committed 35496K, reserved 1079296K
  class space    used 4798K, capacity 5069K, committed 5120K, reserved 1048576K
}
Event: 3.874 GC heap before
{Heap before GC invocations=11 (full 2):
 PSYoungGen      total 160256K, used 147456K [0x00000000d5580000, 0x00000000e0200000, 0x0000000100000000)
  eden space 147456K, 100% used [0x00000000d5580000,0x00000000de580000,0x00000000de580000)
  from space 12800K, 0% used [0x00000000df280000,0x00000000df280000,0x00000000dff00000)
  to   space 13312K, 0% used [0x00000000de580000,0x00000000de580000,0x00000000df280000)
 ParOldGen       total 77824K, used 15817K [0x0000000080000000, 0x0000000084c00000, 0x00000000d5580000)
  object space 77824K, 20% used [0x0000000080000000,0x0000000080f72690,0x0000000084c00000)
 Metaspace       used 42670K, capacity 44514K, committed 44800K, reserved 1087488K
  class space    used 5967K, capacity 6325K, committed 6400K, reserved 1048576K
Event: 3.883 GC heap after
Heap after GC invocations=11 (full 2):
 PSYoungGen      total 160768K, used 12350K [0x00000000d5580000, 0x00000000e2400000, 0x0000000100000000)
  eden space 147456K, 0% used [0x00000000d5580000,0x00000000d5580000,0x00000000de580000)
  from space 13312K, 92% used [0x00000000de580000,0x00000000df18f990,0x00000000df280000)
  to   space 14848K, 0% used [0x00000000e1580000,0x00000000e1580000,0x00000000e2400000)
 ParOldGen       total 77824K, used 15825K [0x0000000080000000, 0x0000000084c00000, 0x00000000d5580000)
  object space 77824K, 20% used [0x0000000080000000,0x0000000080f74690,0x0000000084c00000)
 Metaspace       used 42670K, capacity 44514K, committed 44800K, reserved 1087488K
  class space    used 5967K, capacity 6325K, committed 6400K, reserved 1048576K
}

