# JRE version: OpenJDK Runtime Environment (8.0_482-b08) (build 1.8.0_482-b08)
# Java VM: OpenJDK 64-Bit Server VM (25.482-b08 mixed mode windows-amd64 compressed oops)
Heap:
 PSYoungGen      total 102400K, used 32231K [0x00000000d5580000, 0x00000000dc680000, 0x0000000100000000)
  eden space 93696K, 25% used [0x00000000d5580000,0x00000000d6c7b350,0x00000000db100000)
  from space 8704K, 99% used [0x00000000db100000,0x00000000db97eb60,0x00000000db980000)
  to   space 10752K, 0% used [0x00000000dbc00000,0x00000000dbc00000,0x00000000dc680000)
 ParOldGen       total 49664K, used 11871K [0x0000000080000000, 0x0000000083080000, 0x00000000d5580000)
  object space 49664K, 23% used [0x0000000080000000,0x0000000080b97d38,0x0000000083080000)
 Metaspace       used 33614K, capacity 34860K, committed 34944K, reserved 1079296K
  class space    used 4648K, capacity 4967K, committed 4992K, reserved 1048576K
GC Heap History (10 events):
Event: 1.703 GC heap before
{Heap before GC invocations=6 (full 0):
 PSYoungGen      total 28672K, used 28656K [0x00000000d5580000, 0x00000000d9480000, 0x0000000100000000)
  eden space 24576K, 100% used [0x00000000d5580000,0x00000000d6d80000,0x00000000d6d80000)
  from space 4096K, 99% used [0x00000000d6d80000,0x00000000d717c030,0x00000000d7180000)
  to   space 7680K, 0% used [0x00000000d8d00000,0x00000000d8d00000,0x00000000d9480000)
 ParOldGen       total 65536K, used 4363K [0x0000000080000000, 0x0000000084000000, 0x00000000d5580000)
  object space 65536K, 6% used [0x0000000080000000,0x0000000080442d60,0x0000000084000000)
 Metaspace       used 16924K, capacity 17610K, committed 17920K, reserved 1064960K
  class space    used 2323K, capacity 2511K, committed 2560K, reserved 1048576K
Event: 1.708 GC heap after
Heap after GC invocations=6 (full 0):
 PSYoungGen      total 56320K, used 6646K [0x00000000d5580000, 0x00000000d9580000, 0x0000000100000000)
  eden space 48640K, 0% used [0x00000000d5580000,0x00000000d5580000,0x00000000d8500000)
  from space 7680K, 86% used [0x00000000d8d00000,0x00000000d937d840,0x00000000d9480000)
  to   space 8192K, 0% used [0x00000000d8500000,0x00000000d8500000,0x00000000d8d00000)
 ParOldGen       total 65536K, used 4371K [0x0000000080000000, 0x0000000084000000, 0x00000000d5580000)
  object space 65536K, 6% used [0x0000000080000000,0x0000000080444d60,0x0000000084000000)
 Metaspace       used 16924K, capacity 17610K, committed 17920K, reserved 1064960K
  class space    used 2323K, capacity 2511K, committed 2560K, reserved 1048576K
}
Event: 2.053 GC heap before
{Heap before GC invocations=7 (full 0):
 PSYoungGen      total 56320K, used 49213K [0x00000000d5580000, 0x00000000d9580000, 0x0000000100000000)
  eden space 48640K, 87% used [0x00000000d5580000,0x00000000d7f11c28,0x00000000d8500000)
  from space 7680K, 86% used [0x00000000d8d00000,0x00000000d937d840,0x00000000d9480000)
  to   space 8192K, 0% used [0x00000000d8500000,0x00000000d8500000,0x00000000d8d00000)
 ParOldGen       total 65536K, used 4371K [0x0000000080000000, 0x0000000084000000, 0x00000000d5580000)
  object space 65536K, 6% used [0x0000000080000000,0x0000000080444d60,0x0000000084000000)
 Metaspace       used 20398K, capacity 21172K, committed 21296K, reserved 1067008K
  class space    used 2912K, capacity 3128K, committed 3200K, reserved 1048576K
Event: 2.059 GC heap after
Heap after GC invocations=7 (full 0):
 PSYoungGen      total 56832K, used 7450K [0x00000000d5580000, 0x00000000dc680000, 0x0000000100000000)
  eden space 48640K, 0% used [0x00000000d5580000,0x00000000d5580000,0x00000000d8500000)
  from space 8192K, 90% used [0x00000000d8500000,0x00000000d8c46a80,0x00000000d8d00000)
  to   space 9216K, 0% used [0x00000000dbd80000,0x00000000dbd80000,0x00000000dc680000)
 ParOldGen       total 65536K, used 6211K [0x0000000080000000, 0x0000000084000000, 0x00000000d5580000)
  object space 65536K, 9% used [0x0000000080000000,0x0000000080610dd0,0x0000000084000000)
 Metaspace       used 20398K, capacity 21172K, committed 21296K, reserved 1067008K
  class space    used 2912K, capacity 3128K, committed 3200K, reserved 1048576K
}
Event: 2.059 GC heap before
{Heap before GC invocations=8 (full 1):
 PSYoungGen      total 56832K, used 7450K [0x00000000d5580000, 0x00000000dc680000, 0x0000000100000000)
  eden space 48640K, 0% used [0x00000000d5580000,0x00000000d5580000,0x00000000d8500000)
  from space 8192K, 90% used [0x00000000d8500000,0x00000000d8c46a80,0x00000000d8d00000)
  to   space 9216K, 0% used [0x00000000dbd80000,0x00000000dbd80000,0x00000000dc680000)
 ParOldGen       total 65536K, used 6211K [0x0000000080000000, 0x0000000084000000, 0x00000000d5580000)
  object space 65536K, 9% used [0x0000000080000000,0x0000000080610dd0,0x0000000084000000)
 Metaspace       used 20398K, capacity 21172K, committed 21296K, reserved 1067008K
  class space    used 2912K, capacity 3128K, committed 3200K, reserved 1048576K
Event: 2.088 GC heap after
Heap after GC invocations=8 (full 1):
 PSYoungGen      total 56832K, used 0K [0x00000000d5580000, 0x00000000dc680000, 0x0000000100000000)
  eden space 48640K, 0% used [0x00000000d5580000,0x00000000d5580000,0x00000000d8500000)
  from space 8192K, 0% used [0x00000000d8500000,0x00000000d8500000,0x00000000d8d00000)
  to   space 9216K, 0% used [0x00000000dbd80000,0x00000000dbd80000,0x00000000dc680000)
 ParOldGen       total 49664K, used 9607K [0x0000000080000000, 0x0000000083080000, 0x00000000d5580000)
  object space 49664K, 19% used [0x0000000080000000,0x0000000080961cd0,0x0000000083080000)
 Metaspace       used 20398K, capacity 21172K, committed 21296K, reserved 1067008K
  class space    used 2912K, capacity 3128K, committed 3200K, reserved 1048576K
}
Event: 2.430 GC heap before
{Heap before GC invocations=9 (full 1):
 PSYoungGen      total 56832K, used 48640K [0x00000000d5580000, 0x00000000dc680000, 0x0000000100000000)
  eden space 48640K, 100% used [0x00000000d5580000,0x00000000d8500000,0x00000000d8500000)
  from space 8192K, 0% used [0x00000000d8500000,0x00000000d8500000,0x00000000d8d00000)
  to   space 9216K, 0% used [0x00000000dbd80000,0x00000000dbd80000,0x00000000dc680000)
 ParOldGen       total 49664K, used 9607K [0x0000000080000000, 0x0000000083080000, 0x00000000d5580000)
  object space 49664K, 19% used [0x0000000080000000,0x0000000080961cd0,0x0000000083080000)
 Metaspace       used 23141K, capacity 24094K, committed 24448K, reserved 1071104K
  class space    used 3356K, capacity 3591K, committed 3712K, reserved 1048576K
Event: 2.432 GC heap after
Heap after GC invocations=9 (full 1):
 PSYoungGen      total 77312K, used 4435K [0x00000000d5580000, 0x00000000dc200000, 0x0000000100000000)
  eden space 72704K, 0% used [0x00000000d5580000,0x00000000d5580000,0x00000000d9c80000)
  from space 4608K, 96% used [0x00000000dbd80000,0x00000000dc1d4c18,0x00000000dc200000)
  to   space 8704K, 0% used [0x00000000db100000,0x00000000db100000,0x00000000db980000)
 ParOldGen       total 49664K, used 9615K [0x0000000080000000, 0x0000000083080000, 0x00000000d5580000)
  object space 49664K, 19% used [0x0000000080000000,0x0000000080963cd0,0x0000000083080000)
 Metaspace       used 23141K, capacity 24094K, committed 24448K, reserved 1071104K
  class space    used 3356K, capacity 3591K, committed 3712K, reserved 1048576K
}
Event: 3.113 GC heap before
{Heap before GC invocations=10 (full 1):
 PSYoungGen      total 77312K, used 77139K [0x00000000d5580000, 0x00000000dc200000, 0x0000000100000000)
  eden space 72704K, 100% used [0x00000000d5580000,0x00000000d9c80000,0x00000000d9c80000)
  from space 4608K, 96% used [0x00000000dbd80000,0x00000000dc1d4c18,0x00000000dc200000)
  to   space 8704K, 0% used [0x00000000db100000,0x00000000db100000,0x00000000db980000)
 ParOldGen       total 49664K, used 9615K [0x0000000080000000, 0x0000000083080000, 0x00000000d5580000)
  object space 49664K, 19% used [0x0000000080000000,0x0000000080963cd0,0x0000000083080000)
 Metaspace       used 32727K, capacity 33834K, committed 34048K, reserved 1079296K
  class space    used 4511K, capacity 4792K, committed 4864K, reserved 1048576K
Event: 3.122 GC heap after
Heap after GC invocations=10 (full 1):
 PSYoungGen      total 102400K, used 8698K [0x00000000d5580000, 0x00000000dc680000, 0x0000000100000000)
  eden space 93696K, 0% used [0x00000000d5580000,0x00000000d5580000,0x00000000db100000)
  from space 8704K, 99% used [0x00000000db100000,0x00000000db97eb60,0x00000000db980000)
  to   space 10752K, 0% used [0x00000000dbc00000,0x00000000dbc00000,0x00000000dc680000)
 ParOldGen       total 49664K, used 11871K [0x0000000080000000, 0x0000000083080000, 0x00000000d5580000)
  object space 49664K, 23% used [0x0000000080000000,0x0000000080b97d38,0x0000000083080000)
 Metaspace       used 32727K, capacity 33834K, committed 34048K, reserved 1079296K
  class space    used 4511K, capacity 4792K, committed 4864K, reserved 1048576K
}

