# JRE version: OpenJDK Runtime Environment (8.0_482-b08) (build 1.8.0_482-b08)
# Java VM: OpenJDK 64-Bit Server VM (25.482-b08 mixed mode windows-amd64 compressed oops)
Heap:
 PSYoungGen      total 157696K, used 125914K [0x00000000d5580000, 0x00000000e1f00000, 0x0000000100000000)
  eden space 144384K, 78% used [0x00000000d5580000,0x00000000dc4826a8,0x00000000de280000)
  from space 13312K, 91% used [0x00000000de280000,0x00000000dee741d8,0x00000000def80000)
  to   space 14848K, 0% used [0x00000000e1080000,0x00000000e1080000,0x00000000e1f00000)
 ParOldGen       total 79872K, used 16500K [0x0000000080000000, 0x0000000084e00000, 0x00000000d5580000)
  object space 79872K, 20% used [0x0000000080000000,0x000000008101d110,0x0000000084e00000)
 Metaspace       used 52680K, capacity 54912K, committed 55040K, reserved 1099776K
  class space    used 7200K, capacity 7656K, committed 7680K, reserved 1048576K
GC Heap History (10 events):
Event: 1.833 GC heap before
{Heap before GC invocations=7 (full 1):
 PSYoungGen      total 105984K, used 9012K [0x00000000d5580000, 0x00000000dca80000, 0x0000000100000000)
  eden space 96768K, 0% used [0x00000000d5580000,0x00000000d5580000,0x00000000db400000)
  from space 9216K, 97% used [0x00000000dbe80000,0x00000000dc74d280,0x00000000dc780000)
  to   space 10752K, 0% used [0x00000000db400000,0x00000000db400000,0x00000000dbe80000)
 ParOldGen       total 65536K, used 6843K [0x0000000080000000, 0x0000000084000000, 0x00000000d5580000)
  object space 65536K, 10% used [0x0000000080000000,0x00000000806aeff8,0x0000000084000000)
 Metaspace       used 20534K, capacity 21204K, committed 21296K, reserved 1067008K
  class space    used 2925K, capacity 3112K, committed 3200K, reserved 1048576K
Event: 1.856 GC heap after
Heap after GC invocations=7 (full 1):
 PSYoungGen      total 105984K, used 0K [0x00000000d5580000, 0x00000000dca80000, 0x0000000100000000)
  eden space 96768K, 0% used [0x00000000d5580000,0x00000000d5580000,0x00000000db400000)
  from space 9216K, 0% used [0x00000000dbe80000,0x00000000dbe80000,0x00000000dc780000)
  to   space 10752K, 0% used [0x00000000db400000,0x00000000db400000,0x00000000dbe80000)
 ParOldGen       total 51712K, used 10386K [0x0000000080000000, 0x0000000083280000, 0x00000000d5580000)
  object space 51712K, 20% used [0x0000000080000000,0x0000000080a24a38,0x0000000083280000)
 Metaspace       used 20534K, capacity 21204K, committed 21296K, reserved 1067008K
  class space    used 2925K, capacity 3112K, committed 3200K, reserved 1048576K
}
Event: 2.603 GC heap before
{Heap before GC invocations=8 (full 1):
 PSYoungGen      total 105984K, used 96768K [0x00000000d5580000, 0x00000000dca80000, 0x0000000100000000)
  eden space 96768K, 100% used [0x00000000d5580000,0x00000000db400000,0x00000000db400000)
  from space 9216K, 0% used [0x00000000dbe80000,0x00000000dbe80000,0x00000000dc780000)
  to   space 10752K, 0% used [0x00000000db400000,0x00000000db400000,0x00000000dbe80000)
 ParOldGen       total 51712K, used 10386K [0x0000000080000000, 0x0000000083280000, 0x00000000d5580000)
  object space 51712K, 20% used [0x0000000080000000,0x0000000080a24a38,0x0000000083280000)
 Metaspace       used 31172K, capacity 32116K, committed 32256K, reserved 1077248K
  class space    used 4306K, capacity 4533K, committed 4608K, reserved 1048576K
Event: 2.610 GC heap after
Heap after GC invocations=8 (full 1):
 PSYoungGen      total 107520K, used 10736K [0x00000000d5580000, 0x00000000dfc00000, 0x0000000100000000)
  eden space 96768K, 0% used [0x00000000d5580000,0x00000000d5580000,0x00000000db400000)
  from space 10752K, 99% used [0x00000000db400000,0x00000000dbe7c218,0x00000000dbe80000)
  to   space 12800K, 0% used [0x00000000def80000,0x00000000def80000,0x00000000dfc00000)
 ParOldGen       total 51712K, used 10942K [0x0000000080000000, 0x0000000083280000, 0x00000000d5580000)
  object space 51712K, 21% used [0x0000000080000000,0x0000000080aafb10,0x0000000083280000)
 Metaspace       used 31172K, capacity 32116K, committed 32256K, reserved 1077248K
  class space    used 4306K, capacity 4533K, committed 4608K, reserved 1048576K
}
Event: 2.995 GC heap before
{Heap before GC invocations=9 (full 1):
 PSYoungGen      total 107520K, used 75145K [0x00000000d5580000, 0x00000000dfc00000, 0x0000000100000000)
  eden space 96768K, 66% used [0x00000000d5580000,0x00000000d94662e8,0x00000000db400000)
  from space 10752K, 99% used [0x00000000db400000,0x00000000dbe7c218,0x00000000dbe80000)
  to   space 12800K, 0% used [0x00000000def80000,0x00000000def80000,0x00000000dfc00000)
 ParOldGen       total 51712K, used 10942K [0x0000000080000000, 0x0000000083280000, 0x00000000d5580000)
  object space 51712K, 21% used [0x0000000080000000,0x0000000080aafb10,0x0000000083280000)
 Metaspace       used 34347K, capacity 35456K, committed 35496K, reserved 1079296K
  class space    used 4830K, capacity 5101K, committed 5120K, reserved 1048576K
Event: 3.003 GC heap after
Heap after GC invocations=9 (full 1):
 PSYoungGen      total 157184K, used 9630K [0x00000000d5580000, 0x00000000e0080000, 0x0000000100000000)
  eden space 144384K, 0% used [0x00000000d5580000,0x00000000d5580000,0x00000000de280000)
  from space 12800K, 75% used [0x00000000def80000,0x00000000df8e7b70,0x00000000dfc00000)
  to   space 13312K, 0% used [0x00000000de280000,0x00000000de280000,0x00000000def80000)
 ParOldGen       total 51712K, used 10950K [0x0000000080000000, 0x0000000083280000, 0x00000000d5580000)
  object space 51712K, 21% used [0x0000000080000000,0x0000000080ab1b10,0x0000000083280000)
 Metaspace       used 34347K, capacity 35456K, committed 35496K, reserved 1079296K
  class space    used 4830K, capacity 5101K, committed 5120K, reserved 1048576K
}
Event: 3.003 GC heap before
{Heap before GC invocations=10 (full 2):
 PSYoungGen      total 157184K, used 9630K [0x00000000d5580000, 0x00000000e0080000, 0x0000000100000000)
  eden space 144384K, 0% used [0x00000000d5580000,0x00000000d5580000,0x00000000de280000)
  from space 12800K, 75% used [0x00000000def80000,0x00000000df8e7b70,0x00000000dfc00000)
  to   space 13312K, 0% used [0x00000000de280000,0x00000000de280000,0x00000000def80000)
 ParOldGen       total 51712K, used 10950K [0x0000000080000000, 0x0000000083280000, 0x00000000d5580000)
  object space 51712K, 21% used [0x0000000080000000,0x0000000080ab1b10,0x0000000083280000)
 Metaspace       used 34347K, capacity 35456K, committed 35496K, reserved 1079296K
  class space    used 4830K, capacity 5101K, committed 5120K, reserved 1048576K
Event: 3.039 GC heap after
Heap after GC invocations=10 (full 2):
 PSYoungGen      total 157184K, used 0K [0x00000000d5580000, 0x00000000e0080000, 0x0000000100000000)
  eden space 144384K, 0% used [0x00000000d5580000,0x00000000d5580000,0x00000000de280000)
  from space 12800K, 0% used [0x00000000def80000,0x00000000def80000,0x00000000dfc00000)
  to   space 13312K, 0% used [0x00000000de280000,0x00000000de280000,0x00000000def80000)
 ParOldGen       total 79872K, used 16492K [0x0000000080000000, 0x0000000084e00000, 0x00000000d5580000)
  object space 79872K, 20% used [0x0000000080000000,0x000000008101b110,0x0000000084e00000)
 Metaspace       used 34347K, capacity 35456K, committed 35496K, reserved 1079296K
  class space    used 4830K, capacity 5101K, committed 5120K, reserved 1048576K
}
Event: 3.969 GC heap before
{Heap before GC invocations=11 (full 2):
 PSYoungGen      total 157184K, used 144384K [0x00000000d5580000, 0x00000000e0080000, 0x0000000100000000)
  eden space 144384K, 100% used [0x00000000d5580000,0x00000000de280000,0x00000000de280000)
  from space 12800K, 0% used [0x00000000def80000,0x00000000def80000,0x00000000dfc00000)
  to   space 13312K, 0% used [0x00000000de280000,0x00000000de280000,0x00000000def80000)
 ParOldGen       total 79872K, used 16492K [0x0000000080000000, 0x0000000084e00000, 0x00000000d5580000)
  object space 79872K, 20% used [0x0000000080000000,0x000000008101b110,0x0000000084e00000)
 Metaspace       used 42746K, capacity 44608K, committed 44800K, reserved 1087488K
  class space    used 5975K, capacity 6356K, committed 6400K, reserved 1048576K
Event: 3.977 GC heap after
Heap after GC invocations=11 (full 2):
 PSYoungGen      total 157696K, used 12240K [0x00000000d5580000, 0x00000000e1f00000, 0x0000000100000000)
  eden space 144384K, 0% used [0x00000000d5580000,0x00000000d5580000,0x00000000de280000)
  from space 13312K, 91% used [0x00000000de280000,0x00000000dee741d8,0x00000000def80000)
  to   space 14848K, 0% used [0x00000000e1080000,0x00000000e1080000,0x00000000e1f00000)
 ParOldGen       total 79872K, used 16500K [0x0000000080000000, 0x0000000084e00000, 0x00000000d5580000)
  object space 79872K, 20% used [0x0000000080000000,0x000000008101d110,0x0000000084e00000)
 Metaspace       used 42746K, capacity 44608K, committed 44800K, reserved 1087488K
  class space    used 5975K, capacity 6356K, committed 6400K, reserved 1048576K
}

