# JRE version: OpenJDK Runtime Environment (8.0_482-b08) (build 1.8.0_482-b08)
# Java VM: OpenJDK 64-Bit Server VM (25.482-b08 mixed mode windows-amd64 compressed oops)
Heap:
 PSYoungGen      total 238592K, used 43523K [0x00000000d5580000, 0x00000000e6d00000, 0x0000000100000000)
  eden space 203264K, 4% used [0x00000000d5580000,0x00000000d5d84698,0x00000000e1c00000)
  from space 35328K, 99% used [0x00000000e4a80000,0x00000000e6cfc5e8,0x00000000e6d00000)
  to   space 36352K, 0% used [0x00000000e1c00000,0x00000000e1c00000,0x00000000e3f80000)
 ParOldGen       total 168448K, used 69990K [0x0000000080000000, 0x000000008a480000, 0x00000000d5580000)
  object space 168448K, 41% used [0x0000000080000000,0x0000000084459a80,0x000000008a480000)
 Metaspace       used 109475K, capacity 117422K, committed 117504K, reserved 1153024K
  class space    used 14820K, capacity 16307K, committed 16384K, reserved 1048576K
GC Heap History (10 events):
Event: 1565.975 GC heap before
{Heap before GC invocations=34 (full 4):
 PSYoungGen      total 214528K, used 203692K [0x00000000d5580000, 0x00000000e5400000, 0x0000000100000000)
  eden space 178176K, 99% used [0x00000000d5580000,0x00000000e037f568,0x00000000e0380000)
  from space 36352K, 70% used [0x00000000e0380000,0x00000000e1c6bba0,0x00000000e2700000)
  to   space 37376K, 0% used [0x00000000e2f80000,0x00000000e2f80000,0x00000000e5400000)
 ParOldGen       total 168448K, used 53476K [0x0000000080000000, 0x000000008a480000, 0x00000000d5580000)
  object space 168448K, 31% used [0x0000000080000000,0x0000000083439388,0x000000008a480000)
 Metaspace       used 103918K, capacity 110892K, committed 111104K, reserved 1144832K
  class space    used 14000K, capacity 15324K, committed 15360K, reserved 1048576K
Event: 1565.991 GC heap after
Heap after GC invocations=34 (full 4):
 PSYoungGen      total 223744K, used 21625K [0x00000000d5580000, 0x00000000e5500000, 0x0000000100000000)
  eden space 186368K, 0% used [0x00000000d5580000,0x00000000d5580000,0x00000000e0b80000)
  from space 37376K, 57% used [0x00000000e2f80000,0x00000000e449e658,0x00000000e5400000)
  to   space 36864K, 0% used [0x00000000e0b80000,0x00000000e0b80000,0x00000000e2f80000)
 ParOldGen       total 168448K, used 53484K [0x0000000080000000, 0x000000008a480000, 0x00000000d5580000)
  object space 168448K, 31% used [0x0000000080000000,0x000000008343b388,0x000000008a480000)
 Metaspace       used 103918K, capacity 110892K, committed 111104K, reserved 1144832K
  class space    used 14000K, capacity 15324K, committed 15360K, reserved 1048576K
}
Event: 1566.963 GC heap before
{Heap before GC invocations=35 (full 4):
 PSYoungGen      total 223744K, used 207993K [0x00000000d5580000, 0x00000000e5500000, 0x0000000100000000)
  eden space 186368K, 100% used [0x00000000d5580000,0x00000000e0b80000,0x00000000e0b80000)
  from space 37376K, 57% used [0x00000000e2f80000,0x00000000e449e658,0x00000000e5400000)
  to   space 36864K, 0% used [0x00000000e0b80000,0x00000000e0b80000,0x00000000e2f80000)
 ParOldGen       total 168448K, used 53484K [0x0000000080000000, 0x000000008a480000, 0x00000000d5580000)
  object space 168448K, 31% used [0x0000000080000000,0x000000008343b388,0x000000008a480000)
 Metaspace       used 105325K, capacity 112436K, committed 112640K, reserved 1146880K
  class space    used 14195K, capacity 15554K, committed 15616K, reserved 1048576K
Event: 1566.980 GC heap after
Heap after GC invocations=35 (full 4):
 PSYoungGen      total 223232K, used 25998K [0x00000000d5580000, 0x00000000e6480000, 0x0000000100000000)
  eden space 186368K, 0% used [0x00000000d5580000,0x00000000d5580000,0x00000000e0b80000)
  from space 36864K, 70% used [0x00000000e0b80000,0x00000000e24e38b0,0x00000000e2f80000)
  to   space 37376K, 0% used [0x00000000e4000000,0x00000000e4000000,0x00000000e6480000)
 ParOldGen       total 168448K, used 53492K [0x0000000080000000, 0x000000008a480000, 0x00000000d5580000)
  object space 168448K, 31% used [0x0000000080000000,0x000000008343d388,0x000000008a480000)
 Metaspace       used 105325K, capacity 112436K, committed 112640K, reserved 1146880K
  class space    used 14195K, capacity 15554K, committed 15616K, reserved 1048576K
}
Event: 1568.737 GC heap before
{Heap before GC invocations=36 (full 4):
 PSYoungGen      total 223232K, used 212366K [0x00000000d5580000, 0x00000000e6480000, 0x0000000100000000)
  eden space 186368K, 100% used [0x00000000d5580000,0x00000000e0b80000,0x00000000e0b80000)
  from space 36864K, 70% used [0x00000000e0b80000,0x00000000e24e38b0,0x00000000e2f80000)
  to   space 37376K, 0% used [0x00000000e4000000,0x00000000e4000000,0x00000000e6480000)
 ParOldGen       total 168448K, used 53492K [0x0000000080000000, 0x000000008a480000, 0x00000000d5580000)
  object space 168448K, 31% used [0x0000000080000000,0x000000008343d388,0x000000008a480000)
 Metaspace       used 105753K, capacity 113038K, committed 113280K, reserved 1146880K
  class space    used 14246K, capacity 15625K, committed 15744K, reserved 1048576K
Event: 1568.751 GC heap after
Heap after GC invocations=36 (full 4):
 PSYoungGen      total 239104K, used 21572K [0x00000000d5580000, 0x00000000e6300000, 0x0000000100000000)
  eden space 203264K, 0% used [0x00000000d5580000,0x00000000d5580000,0x00000000e1c00000)
  from space 35840K, 60% used [0x00000000e4000000,0x00000000e5511078,0x00000000e6300000)
  to   space 36352K, 0% used [0x00000000e1c00000,0x00000000e1c00000,0x00000000e3f80000)
 ParOldGen       total 168448K, used 53500K [0x0000000080000000, 0x000000008a480000, 0x00000000d5580000)
  object space 168448K, 31% used [0x0000000080000000,0x000000008343f388,0x000000008a480000)
 Metaspace       used 105753K, capacity 113038K, committed 113280K, reserved 1146880K
  class space    used 14246K, capacity 15625K, committed 15744K, reserved 1048576K
}
Event: 2290.323 GC heap before
{Heap before GC invocations=37 (full 4):
 PSYoungGen      total 239104K, used 224806K [0x00000000d5580000, 0x00000000e6300000, 0x0000000100000000)
  eden space 203264K, 99% used [0x00000000d5580000,0x00000000e1bf89f0,0x00000000e1c00000)
  from space 35840K, 60% used [0x00000000e4000000,0x00000000e5511078,0x00000000e6300000)
  to   space 36352K, 0% used [0x00000000e1c00000,0x00000000e1c00000,0x00000000e3f80000)
 ParOldGen       total 168448K, used 53500K [0x0000000080000000, 0x000000008a480000, 0x00000000d5580000)
  object space 168448K, 31% used [0x0000000080000000,0x000000008343f388,0x000000008a480000)
 Metaspace       used 106288K, capacity 113716K, committed 113792K, reserved 1146880K
  class space    used 14311K, capacity 15728K, committed 15744K, reserved 1048576K
Event: 2290.338 GC heap after
Heap after GC invocations=37 (full 4):
 PSYoungGen      total 239616K, used 21416K [0x00000000d5580000, 0x00000000e6d00000, 0x0000000100000000)
  eden space 203264K, 0% used [0x00000000d5580000,0x00000000d5580000,0x00000000e1c00000)
  from space 36352K, 58% used [0x00000000e1c00000,0x00000000e30ea070,0x00000000e3f80000)
  to   space 35328K, 0% used [0x00000000e4a80000,0x00000000e4a80000,0x00000000e6d00000)
 ParOldGen       total 168448K, used 53508K [0x0000000080000000, 0x000000008a480000, 0x00000000d5580000)
  object space 168448K, 31% used [0x0000000080000000,0x0000000083441388,0x000000008a480000)
 Metaspace       used 106288K, capacity 113716K, committed 113792K, reserved 1146880K
  class space    used 14311K, capacity 15728K, committed 15744K, reserved 1048576K
}
Event: 2290.818 GC heap before
{Heap before GC invocations=38 (full 4):
 PSYoungGen      total 239616K, used 224680K [0x00000000d5580000, 0x00000000e6d00000, 0x0000000100000000)
  eden space 203264K, 100% used [0x00000000d5580000,0x00000000e1c00000,0x00000000e1c00000)
  from space 36352K, 58% used [0x00000000e1c00000,0x00000000e30ea070,0x00000000e3f80000)
  to   space 35328K, 0% used [0x00000000e4a80000,0x00000000e4a80000,0x00000000e6d00000)
 ParOldGen       total 168448K, used 53508K [0x0000000080000000, 0x000000008a480000, 0x00000000d5580000)
  object space 168448K, 31% used [0x0000000080000000,0x0000000083441388,0x000000008a480000)
 Metaspace       used 108636K, capacity 116212K, committed 116480K, reserved 1148928K
  class space    used 14654K, capacity 16086K, committed 16128K, reserved 1048576K
Event: 2290.852 GC heap after
Heap after GC invocations=38 (full 4):
 PSYoungGen      total 238592K, used 35313K [0x00000000d5580000, 0x00000000e6d00000, 0x0000000100000000)
  eden space 203264K, 0% used [0x00000000d5580000,0x00000000d5580000,0x00000000e1c00000)
  from space 35328K, 99% used [0x00000000e4a80000,0x00000000e6cfc5e8,0x00000000e6d00000)
  to   space 36352K, 0% used [0x00000000e1c00000,0x00000000e1c00000,0x00000000e3f80000)
 ParOldGen       total 168448K, used 69990K [0x0000000080000000, 0x000000008a480000, 0x00000000d5580000)
  object space 168448K, 41% used [0x0000000080000000,0x0000000084459a80,0x000000008a480000)
 Metaspace       used 108636K, capacity 116212K, committed 116480K, reserved 1148928K
  class space    used 14654K, capacity 16086K, committed 16128K, reserved 1048576K
}

