# JRE version: OpenJDK Runtime Environment (8.0_482-b08) (build 1.8.0_482-b08)
# Java VM: OpenJDK 64-Bit Server VM (25.482-b08 mixed mode windows-amd64 compressed oops)
Heap:
 PSYoungGen      total 136192K, used 19114K [0x00000000d5580000, 0x00000000deb80000, 0x0000000100000000)
  eden space 121856K, 3% used [0x00000000d5580000,0x00000000d5a2e408,0x00000000dcc80000)
  from space 14336K, 99% used [0x00000000dcc80000,0x00000000dda7c618,0x00000000dda80000)
  to   space 11264K, 0% used [0x00000000dda80000,0x00000000dda80000,0x00000000de580000)
 ParOldGen       total 73216K, used 40520K [0x0000000080000000, 0x0000000084780000, 0x00000000d5580000)
  object space 73216K, 55% used [0x0000000080000000,0x00000000827922d0,0x0000000084780000)
 Metaspace       used 71382K, capacity 74484K, committed 74752K, reserved 1114112K
  class space    used 10078K, capacity 10699K, committed 10752K, reserved 1048576K
GC Heap History (10 events):
Event: 4.426 GC heap before
{Heap before GC invocations=14 (full 2):
 PSYoungGen      total 110080K, used 108856K [0x00000000d5580000, 0x00000000de580000, 0x0000000100000000)
  eden space 99328K, 100% used [0x00000000d5580000,0x00000000db680000,0x00000000db680000)
  from space 10752K, 88% used [0x00000000db680000,0x00000000dbfce3e8,0x00000000dc100000)
  to   space 11264K, 0% used [0x00000000dda80000,0x00000000dda80000,0x00000000de580000)
 ParOldGen       total 73216K, used 14600K [0x0000000080000000, 0x0000000084780000, 0x00000000d5580000)
  object space 73216K, 19% used [0x0000000080000000,0x0000000080e42068,0x0000000084780000)
 Metaspace       used 47558K, capacity 49824K, committed 50048K, reserved 1091584K
  class space    used 6578K, capacity 7024K, committed 7040K, reserved 1048576K
Event: 4.435 GC heap after
Heap after GC invocations=14 (full 2):
 PSYoungGen      total 133120K, used 11236K [0x00000000d5580000, 0x00000000deb80000, 0x0000000100000000)
  eden space 121856K, 0% used [0x00000000d5580000,0x00000000d5580000,0x00000000dcc80000)
  from space 11264K, 99% used [0x00000000dda80000,0x00000000de579018,0x00000000de580000)
  to   space 14336K, 0% used [0x00000000dcc80000,0x00000000dcc80000,0x00000000dda80000)
 ParOldGen       total 73216K, used 18530K [0x0000000080000000, 0x0000000084780000, 0x00000000d5580000)
  object space 73216K, 25% used [0x0000000080000000,0x0000000081218860,0x0000000084780000)
 Metaspace       used 47558K, capacity 49824K, committed 50048K, reserved 1091584K
  class space    used 6578K, capacity 7024K, committed 7040K, reserved 1048576K
}
Event: 5.434 GC heap before
{Heap before GC invocations=15 (full 2):
 PSYoungGen      total 133120K, used 119615K [0x00000000d5580000, 0x00000000deb80000, 0x0000000100000000)
  eden space 121856K, 88% used [0x00000000d5580000,0x00000000dbf56e50,0x00000000dcc80000)
  from space 11264K, 99% used [0x00000000dda80000,0x00000000de579018,0x00000000de580000)
  to   space 14336K, 0% used [0x00000000dcc80000,0x00000000dcc80000,0x00000000dda80000)
 ParOldGen       total 73216K, used 18530K [0x0000000080000000, 0x0000000084780000, 0x00000000d5580000)
  object space 73216K, 25% used [0x0000000080000000,0x0000000081218860,0x0000000084780000)
 Metaspace       used 56394K, capacity 58966K, committed 59136K, reserved 1099776K
  class space    used 7844K, capacity 8340K, committed 8448K, reserved 1048576K
Event: 5.463 GC heap after
Heap after GC invocations=15 (full 2):
 PSYoungGen      total 136192K, used 14315K [0x00000000d5580000, 0x00000000deb80000, 0x0000000100000000)
  eden space 121856K, 0% used [0x00000000d5580000,0x00000000d5580000,0x00000000dcc80000)
  from space 14336K, 99% used [0x00000000dcc80000,0x00000000dda7acd8,0x00000000dda80000)
  to   space 11264K, 0% used [0x00000000dda80000,0x00000000dda80000,0x00000000de580000)
 ParOldGen       total 73216K, used 27800K [0x0000000080000000, 0x0000000084780000, 0x00000000d5580000)
  object space 73216K, 37% used [0x0000000080000000,0x0000000081b26180,0x0000000084780000)
 Metaspace       used 56394K, capacity 58966K, committed 59136K, reserved 1099776K
  class space    used 7844K, capacity 8340K, committed 8448K, reserved 1048576K
}
Event: 5.463 GC heap before
{Heap before GC invocations=16 (full 3):
 PSYoungGen      total 136192K, used 14315K [0x00000000d5580000, 0x00000000deb80000, 0x0000000100000000)
  eden space 121856K, 0% used [0x00000000d5580000,0x00000000d5580000,0x00000000dcc80000)
  from space 14336K, 99% used [0x00000000dcc80000,0x00000000dda7acd8,0x00000000dda80000)
  to   space 11264K, 0% used [0x00000000dda80000,0x00000000dda80000,0x00000000de580000)
 ParOldGen       total 73216K, used 27800K [0x0000000080000000, 0x0000000084780000, 0x00000000d5580000)
  object space 73216K, 37% used [0x0000000080000000,0x0000000081b26180,0x0000000084780000)
 Metaspace       used 56394K, capacity 58966K, committed 59136K, reserved 1099776K
  class space    used 7844K, capacity 8340K, committed 8448K, reserved 1048576K
Event: 5.621 GC heap after
Heap after GC invocations=16 (full 3):
 PSYoungGen      total 136192K, used 0K [0x00000000d5580000, 0x00000000deb80000, 0x0000000100000000)
  eden space 121856K, 0% used [0x00000000d5580000,0x00000000d5580000,0x00000000dcc80000)
  from space 14336K, 0% used [0x00000000dcc80000,0x00000000dcc80000,0x00000000dda80000)
  to   space 11264K, 0% used [0x00000000dda80000,0x00000000dda80000,0x00000000de580000)
 ParOldGen       total 73216K, used 36187K [0x0000000080000000, 0x0000000084780000, 0x00000000d5580000)
  object space 73216K, 49% used [0x0000000080000000,0x0000000082356ec0,0x0000000084780000)
 Metaspace       used 56342K, capacity 58792K, committed 59136K, reserved 1099776K
  class space    used 7828K, capacity 8311K, committed 8448K, reserved 1048576K
}
Event: 6.554 GC heap before
{Heap before GC invocations=17 (full 3):
 PSYoungGen      total 136192K, used 121856K [0x00000000d5580000, 0x00000000deb80000, 0x0000000100000000)
  eden space 121856K, 100% used [0x00000000d5580000,0x00000000dcc80000,0x00000000dcc80000)
  from space 14336K, 0% used [0x00000000dcc80000,0x00000000dcc80000,0x00000000dda80000)
  to   space 11264K, 0% used [0x00000000dda80000,0x00000000dda80000,0x00000000de580000)
 ParOldGen       total 73216K, used 36187K [0x0000000080000000, 0x0000000084780000, 0x00000000d5580000)
  object space 73216K, 49% used [0x0000000080000000,0x0000000082356ec0,0x0000000084780000)
 Metaspace       used 62684K, capacity 65466K, committed 65792K, reserved 1105920K
  class space    used 8805K, capacity 9359K, committed 9472K, reserved 1048576K
Event: 6.564 GC heap after
Heap after GC invocations=17 (full 3):
 PSYoungGen      total 133120K, used 9905K [0x00000000d5580000, 0x00000000deb80000, 0x0000000100000000)
  eden space 121856K, 0% used [0x00000000d5580000,0x00000000d5580000,0x00000000dcc80000)
  from space 11264K, 87% used [0x00000000dda80000,0x00000000de42c7d8,0x00000000de580000)
  to   space 14336K, 0% used [0x00000000dcc80000,0x00000000dcc80000,0x00000000dda80000)
 ParOldGen       total 73216K, used 36195K [0x0000000080000000, 0x0000000084780000, 0x00000000d5580000)
  object space 73216K, 49% used [0x0000000080000000,0x0000000082358ec0,0x0000000084780000)
 Metaspace       used 62684K, capacity 65466K, committed 65792K, reserved 1105920K
  class space    used 8805K, capacity 9359K, committed 9472K, reserved 1048576K
}
Event: 7.761 GC heap before
{Heap before GC invocations=18 (full 3):
 PSYoungGen      total 133120K, used 131761K [0x00000000d5580000, 0x00000000deb80000, 0x0000000100000000)
  eden space 121856K, 100% used [0x00000000d5580000,0x00000000dcc80000,0x00000000dcc80000)
  from space 11264K, 87% used [0x00000000dda80000,0x00000000de42c7d8,0x00000000de580000)
  to   space 14336K, 0% used [0x00000000dcc80000,0x00000000dcc80000,0x00000000dda80000)
 ParOldGen       total 73216K, used 36195K [0x0000000080000000, 0x0000000084780000, 0x00000000d5580000)
  object space 73216K, 49% used [0x0000000080000000,0x0000000082358ec0,0x0000000084780000)
 Metaspace       used 71380K, capacity 74484K, committed 74752K, reserved 1114112K
  class space    used 10078K, capacity 10699K, committed 10752K, reserved 1048576K
Event: 7.776 GC heap after
Heap after GC invocations=18 (full 3):
 PSYoungGen      total 136192K, used 14321K [0x00000000d5580000, 0x00000000deb80000, 0x0000000100000000)
  eden space 121856K, 0% used [0x00000000d5580000,0x00000000d5580000,0x00000000dcc80000)
  from space 14336K, 99% used [0x00000000dcc80000,0x00000000dda7c618,0x00000000dda80000)
  to   space 11264K, 0% used [0x00000000dda80000,0x00000000dda80000,0x00000000de580000)
 ParOldGen       total 73216K, used 40520K [0x0000000080000000, 0x0000000084780000, 0x00000000d5580000)
  object space 73216K, 55% used [0x0000000080000000,0x00000000827922d0,0x0000000084780000)
 Metaspace       used 71380K, capacity 74484K, committed 74752K, reserved 1114112K
  class space    used 10078K, capacity 10699K, committed 10752K, reserved 1048576K
}

