# JRE version: OpenJDK Runtime Environment (8.0_482-b08) (build 1.8.0_482-b08)
# Java VM: OpenJDK 64-Bit Server VM (25.482-b08 mixed mode windows-amd64 compressed oops)
Heap:
 PSYoungGen      total 180224K, used 40678K [0x00000000d5580000, 0x00000000e1880000, 0x0000000100000000)
  eden space 163328K, 14% used [0x00000000d5580000,0x00000000d6cc1aa0,0x00000000df500000)
  from space 16896K, 99% used [0x00000000df500000,0x00000000e0578088,0x00000000e0580000)
  to   space 15872K, 0% used [0x00000000e0580000,0x00000000e0580000,0x00000000e1500000)
 ParOldGen       total 69632K, used 43618K [0x0000000080000000, 0x0000000084400000, 0x00000000d5580000)
  object space 69632K, 62% used [0x0000000080000000,0x0000000082a989f0,0x0000000084400000)
 Metaspace       used 66527K, capacity 70086K, committed 70144K, reserved 1110016K
  class space    used 9334K, capacity 9982K, committed 9984K, reserved 1048576K
GC Heap History (10 events):
Event: 5.116 GC heap before
{Heap before GC invocations=14 (full 2):
 PSYoungGen      total 113664K, used 110354K [0x00000000d5580000, 0x00000000deb80000, 0x0000000100000000)
  eden space 102912K, 100% used [0x00000000d5580000,0x00000000dba00000,0x00000000dba00000)
  from space 10752K, 69% used [0x00000000dba00000,0x00000000dc144af0,0x00000000dc480000)
  to   space 10752K, 0% used [0x00000000de100000,0x00000000de100000,0x00000000deb80000)
 ParOldGen       total 69632K, used 14418K [0x0000000080000000, 0x0000000084400000, 0x00000000d5580000)
  object space 69632K, 20% used [0x0000000080000000,0x0000000080e14ac8,0x0000000084400000)
 Metaspace       used 48625K, capacity 50582K, committed 50688K, reserved 1093632K
  class space    used 6703K, capacity 7099K, committed 7168K, reserved 1048576K
Event: 5.135 GC heap after
Heap after GC invocations=14 (full 2):
 PSYoungGen      total 138240K, used 10741K [0x00000000d5580000, 0x00000000df480000, 0x0000000100000000)
  eden space 127488K, 0% used [0x00000000d5580000,0x00000000d5580000,0x00000000dd200000)
  from space 10752K, 99% used [0x00000000de100000,0x00000000deb7d730,0x00000000deb80000)
  to   space 15360K, 0% used [0x00000000dd200000,0x00000000dd200000,0x00000000de100000)
 ParOldGen       total 69632K, used 22715K [0x0000000080000000, 0x0000000084400000, 0x00000000d5580000)
  object space 69632K, 32% used [0x0000000080000000,0x000000008162ecd8,0x0000000084400000)
 Metaspace       used 48625K, capacity 50582K, committed 50688K, reserved 1093632K
  class space    used 6703K, capacity 7099K, committed 7168K, reserved 1048576K
}
Event: 6.199 GC heap before
{Heap before GC invocations=15 (full 2):
 PSYoungGen      total 138240K, used 103106K [0x00000000d5580000, 0x00000000df480000, 0x0000000100000000)
  eden space 127488K, 72% used [0x00000000d5580000,0x00000000dafb3158,0x00000000dd200000)
  from space 10752K, 99% used [0x00000000de100000,0x00000000deb7d730,0x00000000deb80000)
  to   space 15360K, 0% used [0x00000000dd200000,0x00000000dd200000,0x00000000de100000)
 ParOldGen       total 69632K, used 22715K [0x0000000080000000, 0x0000000084400000, 0x00000000d5580000)
  object space 69632K, 32% used [0x0000000080000000,0x000000008162ecd8,0x0000000084400000)
 Metaspace       used 56667K, capacity 59090K, committed 59160K, reserved 1099776K
  class space    used 7903K, capacity 8378K, committed 8448K, reserved 1048576K
Event: 6.219 GC heap after
Heap after GC invocations=15 (full 2):
 PSYoungGen      total 142848K, used 11346K [0x00000000d5580000, 0x00000000e1500000, 0x0000000100000000)
  eden space 127488K, 0% used [0x00000000d5580000,0x00000000d5580000,0x00000000dd200000)
  from space 15360K, 73% used [0x00000000dd200000,0x00000000ddd149b0,0x00000000de100000)
  to   space 15872K, 0% used [0x00000000e0580000,0x00000000e0580000,0x00000000e1500000)
 ParOldGen       total 69632K, used 32759K [0x0000000080000000, 0x0000000084400000, 0x00000000d5580000)
  object space 69632K, 47% used [0x0000000080000000,0x0000000081ffdff8,0x0000000084400000)
 Metaspace       used 56667K, capacity 59090K, committed 59160K, reserved 1099776K
  class space    used 7903K, capacity 8378K, committed 8448K, reserved 1048576K
}
Event: 6.219 GC heap before
{Heap before GC invocations=16 (full 3):
 PSYoungGen      total 142848K, used 11346K [0x00000000d5580000, 0x00000000e1500000, 0x0000000100000000)
  eden space 127488K, 0% used [0x00000000d5580000,0x00000000d5580000,0x00000000dd200000)
  from space 15360K, 73% used [0x00000000dd200000,0x00000000ddd149b0,0x00000000de100000)
  to   space 15872K, 0% used [0x00000000e0580000,0x00000000e0580000,0x00000000e1500000)
 ParOldGen       total 69632K, used 32759K [0x0000000080000000, 0x0000000084400000, 0x00000000d5580000)
  object space 69632K, 47% used [0x0000000080000000,0x0000000081ffdff8,0x0000000084400000)
 Metaspace       used 56667K, capacity 59090K, committed 59160K, reserved 1099776K
  class space    used 7903K, capacity 8378K, committed 8448K, reserved 1048576K
Event: 6.394 GC heap after
Heap after GC invocations=16 (full 3):
 PSYoungGen      total 142848K, used 0K [0x00000000d5580000, 0x00000000e1500000, 0x0000000100000000)
  eden space 127488K, 0% used [0x00000000d5580000,0x00000000d5580000,0x00000000dd200000)
  from space 15360K, 0% used [0x00000000dd200000,0x00000000dd200000,0x00000000de100000)
  to   space 15872K, 0% used [0x00000000e0580000,0x00000000e0580000,0x00000000e1500000)
 ParOldGen       total 69632K, used 33747K [0x0000000080000000, 0x0000000084400000, 0x00000000d5580000)
  object space 69632K, 48% used [0x0000000080000000,0x00000000820f4f00,0x0000000084400000)
 Metaspace       used 56619K, capacity 58928K, committed 59160K, reserved 1099776K
  class space    used 7888K, capacity 8351K, committed 8448K, reserved 1048576K
}
Event: 7.584 GC heap before
{Heap before GC invocations=17 (full 3):
 PSYoungGen      total 142848K, used 127488K [0x00000000d5580000, 0x00000000e1500000, 0x0000000100000000)
  eden space 127488K, 100% used [0x00000000d5580000,0x00000000dd200000,0x00000000dd200000)
  from space 15360K, 0% used [0x00000000dd200000,0x00000000dd200000,0x00000000de100000)
  to   space 15872K, 0% used [0x00000000e0580000,0x00000000e0580000,0x00000000e1500000)
 ParOldGen       total 69632K, used 33747K [0x0000000080000000, 0x0000000084400000, 0x00000000d5580000)
  object space 69632K, 48% used [0x0000000080000000,0x00000000820f4f00,0x0000000084400000)
 Metaspace       used 63607K, capacity 66912K, committed 67072K, reserved 1105920K
  class space    used 9035K, capacity 9647K, committed 9728K, reserved 1048576K
Event: 7.697 GC heap after
Heap after GC invocations=17 (full 3):
 PSYoungGen      total 179200K, used 12229K [0x00000000d5580000, 0x00000000e1880000, 0x0000000100000000)
  eden space 163328K, 0% used [0x00000000d5580000,0x00000000d5580000,0x00000000df500000)
  from space 15872K, 77% used [0x00000000e0580000,0x00000000e1171590,0x00000000e1500000)
  to   space 16896K, 0% used [0x00000000df500000,0x00000000df500000,0x00000000e0580000)
 ParOldGen       total 69632K, used 33755K [0x0000000080000000, 0x0000000084400000, 0x00000000d5580000)
  object space 69632K, 48% used [0x0000000080000000,0x00000000820f6f00,0x0000000084400000)
 Metaspace       used 63607K, capacity 66912K, committed 67072K, reserved 1105920K
  class space    used 9035K, capacity 9647K, committed 9728K, reserved 1048576K
}
Event: 9.511 GC heap before
{Heap before GC invocations=18 (full 3):
 PSYoungGen      total 179200K, used 175557K [0x00000000d5580000, 0x00000000e1880000, 0x0000000100000000)
  eden space 163328K, 100% used [0x00000000d5580000,0x00000000df500000,0x00000000df500000)
  from space 15872K, 77% used [0x00000000e0580000,0x00000000e1171590,0x00000000e1500000)
  to   space 16896K, 0% used [0x00000000df500000,0x00000000df500000,0x00000000e0580000)
 ParOldGen       total 69632K, used 33755K [0x0000000080000000, 0x0000000084400000, 0x00000000d5580000)
  object space 69632K, 48% used [0x0000000080000000,0x00000000820f6f00,0x0000000084400000)
 Metaspace       used 66165K, capacity 69632K, committed 69888K, reserved 1110016K
  class space    used 9297K, capacity 9933K, committed 9984K, reserved 1048576K
Event: 9.588 GC heap after
Heap after GC invocations=18 (full 3):
 PSYoungGen      total 180224K, used 16864K [0x00000000d5580000, 0x00000000e1880000, 0x0000000100000000)
  eden space 163328K, 0% used [0x00000000d5580000,0x00000000d5580000,0x00000000df500000)
  from space 16896K, 99% used [0x00000000df500000,0x00000000e0578088,0x00000000e0580000)
  to   space 15872K, 0% used [0x00000000e0580000,0x00000000e0580000,0x00000000e1500000)
 ParOldGen       total 69632K, used 43618K [0x0000000080000000, 0x0000000084400000, 0x00000000d5580000)
  object space 69632K, 62% used [0x0000000080000000,0x0000000082a989f0,0x0000000084400000)
 Metaspace       used 66165K, capacity 69632K, committed 69888K, reserved 1110016K
  class space    used 9297K, capacity 9933K, committed 9984K, reserved 1048576K
}

