# JRE version: OpenJDK Runtime Environment (8.0_482-b08) (build 1.8.0_482-b08)
# Java VM: OpenJDK 64-Bit Server VM (25.482-b08 mixed mode windows-amd64 compressed oops)
Heap:
 PSYoungGen      total 146944K, used 80288K [0x00000000d5580000, 0x00000000e1e80000, 0x0000000100000000)
  eden space 131584K, 61% used [0x00000000d5580000,0x00000000da3e81b0,0x00000000dd600000)
  from space 15360K, 0% used [0x00000000dd600000,0x00000000dd600000,0x00000000de500000)
  to   space 15872K, 0% used [0x00000000e0f00000,0x00000000e0f00000,0x00000000e1e80000)
 ParOldGen       total 69120K, used 33426K [0x0000000080000000, 0x0000000084380000, 0x00000000d5580000)
  object space 69120K, 48% used [0x0000000080000000,0x00000000820a4b30,0x0000000084380000)
 Metaspace       used 62125K, capacity 64830K, committed 64896K, reserved 1105920K
  class space    used 8812K, capacity 9334K, committed 9344K, reserved 1048576K
GC Heap History (10 events):
Event: 3.402 GC heap before
{Heap before GC invocations=12 (full 2):
 PSYoungGen      total 116224K, used 6955K [0x00000000d5580000, 0x00000000deb80000, 0x0000000100000000)
  eden space 105472K, 0% used [0x00000000d5580000,0x00000000d5580000,0x00000000dbc80000)
  from space 10752K, 64% used [0x00000000dc700000,0x00000000dcdcac68,0x00000000dd180000)
  to   space 10752K, 0% used [0x00000000dbc80000,0x00000000dbc80000,0x00000000dc700000)
 ParOldGen       total 47104K, used 13001K [0x0000000080000000, 0x0000000082e00000, 0x00000000d5580000)
  object space 47104K, 27% used [0x0000000080000000,0x0000000080cb25a0,0x0000000082e00000)
 Metaspace       used 34261K, capacity 35456K, committed 35496K, reserved 1079296K
  class space    used 4815K, capacity 5101K, committed 5120K, reserved 1048576K
Event: 3.434 GC heap after
Heap after GC invocations=12 (full 2):
 PSYoungGen      total 116224K, used 0K [0x00000000d5580000, 0x00000000deb80000, 0x0000000100000000)
  eden space 105472K, 0% used [0x00000000d5580000,0x00000000d5580000,0x00000000dbc80000)
  from space 10752K, 0% used [0x00000000dc700000,0x00000000dc700000,0x00000000dd180000)
  to   space 10752K, 0% used [0x00000000dbc80000,0x00000000dbc80000,0x00000000dc700000)
 ParOldGen       total 69120K, used 14471K [0x0000000080000000, 0x0000000084380000, 0x00000000d5580000)
  object space 69120K, 20% used [0x0000000080000000,0x0000000080e21e18,0x0000000084380000)
 Metaspace       used 34261K, capacity 35456K, committed 35496K, reserved 1079296K
  class space    used 4815K, capacity 5101K, committed 5120K, reserved 1048576K
}
Event: 4.017 GC heap before
{Heap before GC invocations=13 (full 2):
 PSYoungGen      total 116224K, used 105472K [0x00000000d5580000, 0x00000000deb80000, 0x0000000100000000)
  eden space 105472K, 100% used [0x00000000d5580000,0x00000000dbc80000,0x00000000dbc80000)
  from space 10752K, 0% used [0x00000000dc700000,0x00000000dc700000,0x00000000dd180000)
  to   space 10752K, 0% used [0x00000000dbc80000,0x00000000dbc80000,0x00000000dc700000)
 ParOldGen       total 69120K, used 14471K [0x0000000080000000, 0x0000000084380000, 0x00000000d5580000)
  object space 69120K, 20% used [0x0000000080000000,0x0000000080e21e18,0x0000000084380000)
 Metaspace       used 37906K, capacity 39598K, committed 39808K, reserved 1083392K
  class space    used 5362K, capacity 5661K, committed 5760K, reserved 1048576K
Event: 4.022 GC heap after
Heap after GC invocations=13 (full 2):
 PSYoungGen      total 116224K, used 7825K [0x00000000d5580000, 0x00000000def80000, 0x0000000100000000)
  eden space 105472K, 0% used [0x00000000d5580000,0x00000000d5580000,0x00000000dbc80000)
  from space 10752K, 72% used [0x00000000dbc80000,0x00000000dc424768,0x00000000dc700000)
  to   space 10752K, 0% used [0x00000000de500000,0x00000000de500000,0x00000000def80000)
 ParOldGen       total 69120K, used 14479K [0x0000000080000000, 0x0000000084380000, 0x00000000d5580000)
  object space 69120K, 20% used [0x0000000080000000,0x0000000080e23e18,0x0000000084380000)
 Metaspace       used 37906K, capacity 39598K, committed 39808K, reserved 1083392K
  class space    used 5362K, capacity 5661K, committed 5760K, reserved 1048576K
}
Event: 4.997 GC heap before
{Heap before GC invocations=14 (full 2):
 PSYoungGen      total 116224K, used 113297K [0x00000000d5580000, 0x00000000def80000, 0x0000000100000000)
  eden space 105472K, 100% used [0x00000000d5580000,0x00000000dbc80000,0x00000000dbc80000)
  from space 10752K, 72% used [0x00000000dbc80000,0x00000000dc424768,0x00000000dc700000)
  to   space 10752K, 0% used [0x00000000de500000,0x00000000de500000,0x00000000def80000)
 ParOldGen       total 69120K, used 14479K [0x0000000080000000, 0x0000000084380000, 0x00000000d5580000)
  object space 69120K, 20% used [0x0000000080000000,0x0000000080e23e18,0x0000000084380000)
 Metaspace       used 49112K, capacity 51076K, committed 51200K, reserved 1093632K
  class space    used 6750K, capacity 7136K, committed 7168K, reserved 1048576K
Event: 5.018 GC heap after
Heap after GC invocations=14 (full 2):
 PSYoungGen      total 142336K, used 10737K [0x00000000d5580000, 0x00000000df980000, 0x0000000100000000)
  eden space 131584K, 0% used [0x00000000d5580000,0x00000000d5580000,0x00000000dd600000)
  from space 10752K, 99% used [0x00000000de500000,0x00000000def7c4e8,0x00000000def80000)
  to   space 15360K, 0% used [0x00000000dd600000,0x00000000dd600000,0x00000000de500000)
 ParOldGen       total 69120K, used 22606K [0x0000000080000000, 0x0000000084380000, 0x00000000d5580000)
  object space 69120K, 32% used [0x0000000080000000,0x0000000081613828,0x0000000084380000)
 Metaspace       used 49112K, capacity 51076K, committed 51200K, reserved 1093632K
  class space    used 6750K, capacity 7136K, committed 7168K, reserved 1048576K
}
Event: 5.927 GC heap before
{Heap before GC invocations=15 (full 2):
 PSYoungGen      total 142336K, used 96251K [0x00000000d5580000, 0x00000000df980000, 0x0000000100000000)
  eden space 131584K, 64% used [0x00000000d5580000,0x00000000da902ae0,0x00000000dd600000)
  from space 10752K, 99% used [0x00000000de500000,0x00000000def7c4e8,0x00000000def80000)
  to   space 15360K, 0% used [0x00000000dd600000,0x00000000dd600000,0x00000000de500000)
 ParOldGen       total 69120K, used 22606K [0x0000000080000000, 0x0000000084380000, 0x00000000d5580000)
  object space 69120K, 32% used [0x0000000080000000,0x0000000081613828,0x0000000084380000)
 Metaspace       used 56699K, capacity 59118K, committed 59160K, reserved 1099776K
  class space    used 7911K, capacity 8406K, committed 8448K, reserved 1048576K
Event: 5.954 GC heap after
Heap after GC invocations=15 (full 2):
 PSYoungGen      total 146944K, used 10699K [0x00000000d5580000, 0x00000000e1e80000, 0x0000000100000000)
  eden space 131584K, 0% used [0x00000000d5580000,0x00000000d5580000,0x00000000dd600000)
  from space 15360K, 69% used [0x00000000dd600000,0x00000000de072fa0,0x00000000de500000)
  to   space 15872K, 0% used [0x00000000e0f00000,0x00000000e0f00000,0x00000000e1e80000)
 ParOldGen       total 69120K, used 29008K [0x0000000080000000, 0x0000000084380000, 0x00000000d5580000)
  object space 69120K, 41% used [0x0000000080000000,0x0000000081c54238,0x0000000084380000)
 Metaspace       used 56699K, capacity 59118K, committed 59160K, reserved 1099776K
  class space    used 7911K, capacity 8406K, committed 8448K, reserved 1048576K
}
Event: 5.954 GC heap before
{Heap before GC invocations=16 (full 3):
 PSYoungGen      total 146944K, used 10699K [0x00000000d5580000, 0x00000000e1e80000, 0x0000000100000000)
  eden space 131584K, 0% used [0x00000000d5580000,0x00000000d5580000,0x00000000dd600000)
  from space 15360K, 69% used [0x00000000dd600000,0x00000000de072fa0,0x00000000de500000)
  to   space 15872K, 0% used [0x00000000e0f00000,0x00000000e0f00000,0x00000000e1e80000)
 ParOldGen       total 69120K, used 29008K [0x0000000080000000, 0x0000000084380000, 0x00000000d5580000)
  object space 69120K, 41% used [0x0000000080000000,0x0000000081c54238,0x0000000084380000)
 Metaspace       used 56699K, capacity 59118K, committed 59160K, reserved 1099776K
  class space    used 7911K, capacity 8406K, committed 8448K, reserved 1048576K
Event: 6.130 GC heap after
Heap after GC invocations=16 (full 3):
 PSYoungGen      total 146944K, used 0K [0x00000000d5580000, 0x00000000e1e80000, 0x0000000100000000)
  eden space 131584K, 0% used [0x00000000d5580000,0x00000000d5580000,0x00000000dd600000)
  from space 15360K, 0% used [0x00000000dd600000,0x00000000dd600000,0x00000000de500000)
  to   space 15872K, 0% used [0x00000000e0f00000,0x00000000e0f00000,0x00000000e1e80000)
 ParOldGen       total 69120K, used 33426K [0x0000000080000000, 0x0000000084380000, 0x00000000d5580000)
  object space 69120K, 48% used [0x0000000080000000,0x00000000820a4b30,0x0000000084380000)
 Metaspace       used 56649K, capacity 58950K, committed 59160K, reserved 1099776K
  class space    used 7895K, capacity 8378K, committed 8448K, reserved 1048576K
}

