# JRE version: OpenJDK Runtime Environment (8.0_482-b08) (build 1.8.0_482-b08)
# Java VM: OpenJDK 64-Bit Server VM (25.482-b08 mixed mode windows-amd64 compressed oops)
Heap:
 PSYoungGen      total 137216K, used 43146K [0x00000000d5580000, 0x00000000dee80000, 0x0000000100000000)
  eden space 122368K, 23% used [0x00000000d5580000,0x00000000d7124d48,0x00000000dcd00000)
  from space 14848K, 99% used [0x00000000dcd00000,0x00000000ddb7dd60,0x00000000ddb80000)
  to   space 10752K, 0% used [0x00000000ddb80000,0x00000000ddb80000,0x00000000de600000)
 ParOldGen       total 71680K, used 42307K [0x0000000080000000, 0x0000000084600000, 0x00000000d5580000)
  object space 71680K, 59% used [0x0000000080000000,0x0000000082950fb8,0x0000000084600000)
 Metaspace       used 66209K, capacity 69632K, committed 69888K, reserved 1110016K
  class space    used 9302K, capacity 9929K, committed 9984K, reserved 1048576K
GC Heap History (10 events):
Event: 4.421 GC heap before
{Heap before GC invocations=14 (full 2):
 PSYoungGen      total 110080K, used 106445K [0x00000000d5580000, 0x00000000de600000, 0x0000000100000000)
  eden space 99328K, 100% used [0x00000000d5580000,0x00000000db680000,0x00000000db680000)
  from space 10752K, 66% used [0x00000000db680000,0x00000000dbd736c8,0x00000000dc100000)
  to   space 10752K, 0% used [0x00000000ddb80000,0x00000000ddb80000,0x00000000de600000)
 ParOldGen       total 71680K, used 14539K [0x0000000080000000, 0x0000000084600000, 0x00000000d5580000)
  object space 71680K, 20% used [0x0000000080000000,0x0000000080e32e70,0x0000000084600000)
 Metaspace       used 48344K, capacity 50364K, committed 50688K, reserved 1093632K
  class space    used 6672K, capacity 7068K, committed 7168K, reserved 1048576K
Event: 4.438 GC heap after
Heap after GC invocations=14 (full 2):
 PSYoungGen      total 133120K, used 10724K [0x00000000d5580000, 0x00000000dee80000, 0x0000000100000000)
  eden space 122368K, 0% used [0x00000000d5580000,0x00000000d5580000,0x00000000dcd00000)
  from space 10752K, 99% used [0x00000000ddb80000,0x00000000de5f9310,0x00000000de600000)
  to   space 14848K, 0% used [0x00000000dcd00000,0x00000000dcd00000,0x00000000ddb80000)
 ParOldGen       total 71680K, used 22031K [0x0000000080000000, 0x0000000084600000, 0x00000000d5580000)
  object space 71680K, 30% used [0x0000000080000000,0x0000000081583fb0,0x0000000084600000)
 Metaspace       used 48344K, capacity 50364K, committed 50688K, reserved 1093632K
  class space    used 6672K, capacity 7068K, committed 7168K, reserved 1048576K
}
Event: 5.360 GC heap before
{Heap before GC invocations=15 (full 2):
 PSYoungGen      total 133120K, used 110070K [0x00000000d5580000, 0x00000000dee80000, 0x0000000100000000)
  eden space 122368K, 81% used [0x00000000d5580000,0x00000000db684868,0x00000000dcd00000)
  from space 10752K, 99% used [0x00000000ddb80000,0x00000000de5f9310,0x00000000de600000)
  to   space 14848K, 0% used [0x00000000dcd00000,0x00000000dcd00000,0x00000000ddb80000)
 ParOldGen       total 71680K, used 22031K [0x0000000080000000, 0x0000000084600000, 0x00000000d5580000)
  object space 71680K, 30% used [0x0000000080000000,0x0000000081583fb0,0x0000000084600000)
 Metaspace       used 56687K, capacity 59050K, committed 59136K, reserved 1099776K
  class space    used 7906K, capacity 8380K, committed 8448K, reserved 1048576K
Event: 5.386 GC heap after
Heap after GC invocations=15 (full 2):
 PSYoungGen      total 137216K, used 11850K [0x00000000d5580000, 0x00000000dee80000, 0x0000000100000000)
  eden space 122368K, 0% used [0x00000000d5580000,0x00000000d5580000,0x00000000dcd00000)
  from space 14848K, 79% used [0x00000000dcd00000,0x00000000dd892958,0x00000000ddb80000)
  to   space 10752K, 0% used [0x00000000ddb80000,0x00000000ddb80000,0x00000000de600000)
 ParOldGen       total 71680K, used 32632K [0x0000000080000000, 0x0000000084600000, 0x00000000d5580000)
  object space 71680K, 45% used [0x0000000080000000,0x0000000081fde1c0,0x0000000084600000)
 Metaspace       used 56687K, capacity 59050K, committed 59136K, reserved 1099776K
  class space    used 7906K, capacity 8380K, committed 8448K, reserved 1048576K
}
Event: 5.386 GC heap before
{Heap before GC invocations=16 (full 3):
 PSYoungGen      total 137216K, used 11850K [0x00000000d5580000, 0x00000000dee80000, 0x0000000100000000)
  eden space 122368K, 0% used [0x00000000d5580000,0x00000000d5580000,0x00000000dcd00000)
  from space 14848K, 79% used [0x00000000dcd00000,0x00000000dd892958,0x00000000ddb80000)
  to   space 10752K, 0% used [0x00000000ddb80000,0x00000000ddb80000,0x00000000de600000)
 ParOldGen       total 71680K, used 32632K [0x0000000080000000, 0x0000000084600000, 0x00000000d5580000)
  object space 71680K, 45% used [0x0000000080000000,0x0000000081fde1c0,0x0000000084600000)
 Metaspace       used 56687K, capacity 59050K, committed 59136K, reserved 1099776K
  class space    used 7906K, capacity 8380K, committed 8448K, reserved 1048576K
Event: 5.549 GC heap after
Heap after GC invocations=16 (full 3):
 PSYoungGen      total 137216K, used 0K [0x00000000d5580000, 0x00000000dee80000, 0x0000000100000000)
  eden space 122368K, 0% used [0x00000000d5580000,0x00000000d5580000,0x00000000dcd00000)
  from space 14848K, 0% used [0x00000000dcd00000,0x00000000dcd00000,0x00000000ddb80000)
  to   space 10752K, 0% used [0x00000000ddb80000,0x00000000ddb80000,0x00000000de600000)
 ParOldGen       total 71680K, used 34126K [0x0000000080000000, 0x0000000084600000, 0x00000000d5580000)
  object space 71680K, 47% used [0x0000000080000000,0x0000000082153978,0x0000000084600000)
 Metaspace       used 56636K, capacity 58876K, committed 59136K, reserved 1099776K
  class space    used 7890K, capacity 8351K, committed 8448K, reserved 1048576K
}
Event: 6.695 GC heap before
{Heap before GC invocations=17 (full 3):
 PSYoungGen      total 137216K, used 122368K [0x00000000d5580000, 0x00000000dee80000, 0x0000000100000000)
  eden space 122368K, 100% used [0x00000000d5580000,0x00000000dcd00000,0x00000000dcd00000)
  from space 14848K, 0% used [0x00000000dcd00000,0x00000000dcd00000,0x00000000ddb80000)
  to   space 10752K, 0% used [0x00000000ddb80000,0x00000000ddb80000,0x00000000de600000)
 ParOldGen       total 71680K, used 34126K [0x0000000080000000, 0x0000000084600000, 0x00000000d5580000)
  object space 71680K, 47% used [0x0000000080000000,0x0000000082153978,0x0000000084600000)
 Metaspace       used 63965K, capacity 67348K, committed 67456K, reserved 1107968K
  class space    used 9105K, capacity 9757K, committed 9856K, reserved 1048576K
Event: 6.705 GC heap after
Heap after GC invocations=17 (full 3):
 PSYoungGen      total 133120K, used 10735K [0x00000000d5580000, 0x00000000dee80000, 0x0000000100000000)
  eden space 122368K, 0% used [0x00000000d5580000,0x00000000d5580000,0x00000000dcd00000)
  from space 10752K, 99% used [0x00000000ddb80000,0x00000000de5fbf20,0x00000000de600000)
  to   space 14848K, 0% used [0x00000000dcd00000,0x00000000dcd00000,0x00000000ddb80000)
 ParOldGen       total 71680K, used 35391K [0x0000000080000000, 0x0000000084600000, 0x00000000d5580000)
  object space 71680K, 49% used [0x0000000080000000,0x000000008228fd88,0x0000000084600000)
 Metaspace       used 63965K, capacity 67348K, committed 67456K, reserved 1107968K
  class space    used 9105K, capacity 9757K, committed 9856K, reserved 1048576K
}
Event: 7.784 GC heap before
{Heap before GC invocations=18 (full 3):
 PSYoungGen      total 133120K, used 133103K [0x00000000d5580000, 0x00000000dee80000, 0x0000000100000000)
  eden space 122368K, 100% used [0x00000000d5580000,0x00000000dcd00000,0x00000000dcd00000)
  from space 10752K, 99% used [0x00000000ddb80000,0x00000000de5fbf20,0x00000000de600000)
  to   space 14848K, 0% used [0x00000000dcd00000,0x00000000dcd00000,0x00000000ddb80000)
 ParOldGen       total 71680K, used 35391K [0x0000000080000000, 0x0000000084600000, 0x00000000d5580000)
  object space 71680K, 49% used [0x0000000080000000,0x000000008228fd88,0x0000000084600000)
 Metaspace       used 65413K, capacity 68788K, committed 68992K, reserved 1107968K
  class space    used 9222K, capacity 9841K, committed 9856K, reserved 1048576K
Event: 7.798 GC heap after
Heap after GC invocations=18 (full 3):
 PSYoungGen      total 137216K, used 14839K [0x00000000d5580000, 0x00000000dee80000, 0x0000000100000000)
  eden space 122368K, 0% used [0x00000000d5580000,0x00000000d5580000,0x00000000dcd00000)
  from space 14848K, 99% used [0x00000000dcd00000,0x00000000ddb7dd60,0x00000000ddb80000)
  to   space 10752K, 0% used [0x00000000ddb80000,0x00000000ddb80000,0x00000000de600000)
 ParOldGen       total 71680K, used 42307K [0x0000000080000000, 0x0000000084600000, 0x00000000d5580000)
  object space 71680K, 59% used [0x0000000080000000,0x0000000082950fb8,0x0000000084600000)
 Metaspace       used 65413K, capacity 68788K, committed 68992K, reserved 1107968K
  class space    used 9222K, capacity 9841K, committed 9856K, reserved 1048576K
}

